INFO - 2024-04-09 01:18:29 --> Session: Class initialized using 'CodeIgniter\Session\Handlers\FileHandler' driver.
INFO - 2024-04-09 01:19:58 --> Session: Class initialized using 'CodeIgniter\Session\Handlers\FileHandler' driver.
INFO - 2024-04-09 01:20:57 --> Session: Class initialized using 'CodeIgniter\Session\Handlers\FileHandler' driver.
CRITICAL - 2024-04-09 01:20:58 --> CodeIgniter\HTTP\Exceptions\HTTPException: The route for "/authentication/login" cannot be found.
in SYSTEMPATH\HTTP\RedirectResponse.php on line 62.
 1 SYSTEMPATH\HTTP\RedirectResponse.php(62): CodeIgniter\HTTP\Exceptions\HTTPException::forInvalidRedirectRoute('/authentication/login')
 2 SYSTEMPATH\Common.php(864): CodeIgniter\HTTP\RedirectResponse->route(false)
 3 APPPATH\Filters\Authentication.php(15): redirect('/authentication/login')
 4 SYSTEMPATH\Filters\Filters.php(184): CitasMedicas\Filters\Authentication->before(Object(CodeIgniter\HTTP\IncomingRequest), null)
 5 SYSTEMPATH\CodeIgniter.php(475): CodeIgniter\Filters\Filters->run('', 'before')
 6 SYSTEMPATH\CodeIgniter.php(361): CodeIgniter\CodeIgniter->handleRequest(null, Object(Config\Cache), false)
 7 FCPATH\index.php(79): CodeIgniter\CodeIgniter->run()
 8 SYSTEMPATH\Commands\Server\rewrite.php(47): require_once('C:\\Proyectos\\citasmedicas_v2\\ProyectoCitasMedicas\\public\\index.php')
INFO - 2024-04-09 01:21:29 --> Session: Class initialized using 'CodeIgniter\Session\Handlers\FileHandler' driver.
INFO - 2024-04-09 01:24:05 --> Session: Class initialized using 'CodeIgniter\Session\Handlers\FileHandler' driver.
INFO - 2024-04-09 01:28:35 --> Session: Class initialized using 'CodeIgniter\Session\Handlers\FileHandler' driver.
INFO - 2024-04-09 01:28:48 --> Session: Class initialized using 'CodeIgniter\Session\Handlers\FileHandler' driver.
INFO - 2024-04-09 01:29:33 --> Session: Class initialized using 'CodeIgniter\Session\Handlers\FileHandler' driver.
INFO - 2024-04-09 01:29:56 --> Session: Class initialized using 'CodeIgniter\Session\Handlers\FileHandler' driver.
INFO - 2024-04-09 01:33:48 --> Session: Class initialized using 'CodeIgniter\Session\Handlers\FileHandler' driver.
INFO - 2024-04-09 01:34:35 --> Session: Class initialized using 'CodeIgniter\Session\Handlers\FileHandler' driver.
INFO - 2024-04-09 01:34:55 --> Session: Class initialized using 'CodeIgniter\Session\Handlers\FileHandler' driver.
INFO - 2024-04-09 01:35:53 --> Session: Class initialized using 'CodeIgniter\Session\Handlers\FileHandler' driver.
INFO - 2024-04-09 01:36:18 --> Session: Class initialized using 'CodeIgniter\Session\Handlers\FileHandler' driver.
INFO - 2024-04-09 01:36:29 --> Session: Class initialized using 'CodeIgniter\Session\Handlers\FileHandler' driver.
INFO - 2024-04-09 01:36:42 --> Session: Class initialized using 'CodeIgniter\Session\Handlers\FileHandler' driver.
INFO - 2024-04-09 01:38:03 --> Session: Class initialized using 'CodeIgniter\Session\Handlers\FileHandler' driver.
INFO - 2024-04-09 01:38:05 --> Session: Class initialized using 'CodeIgniter\Session\Handlers\FileHandler' driver.
INFO - 2024-04-09 01:39:47 --> Session: Class initialized using 'CodeIgniter\Session\Handlers\FileHandler' driver.
INFO - 2024-04-09 01:40:02 --> Session: Class initialized using 'CodeIgniter\Session\Handlers\FileHandler' driver.
INFO - 2024-04-09 01:40:34 --> Session: Class initialized using 'CodeIgniter\Session\Handlers\FileHandler' driver.
INFO - 2024-04-09 01:40:37 --> Session: Class initialized using 'CodeIgniter\Session\Handlers\FileHandler' driver.
INFO - 2024-04-09 01:41:55 --> Session: Class initialized using 'CodeIgniter\Session\Handlers\FileHandler' driver.
CRITICAL - 2024-04-09 01:43:50 --> ParseError: Unclosed '[' does not match ')'
in APPPATH\Config\Routes.php on line 33.
 1 SYSTEMPATH\CodeIgniter.php(811): CodeIgniter\Router\RouteCollection->loadRoutes()
 2 SYSTEMPATH\CodeIgniter.php(450): CodeIgniter\CodeIgniter->tryToRouteIt(null)
 3 SYSTEMPATH\CodeIgniter.php(361): CodeIgniter\CodeIgniter->handleRequest(null, Object(Config\Cache), false)
 4 FCPATH\index.php(79): CodeIgniter\CodeIgniter->run()
 5 SYSTEMPATH\Commands\Server\rewrite.php(47): require_once('C:\\Proyectos\\citasmedicas_v2\\ProyectoCitasMedicas\\public\\index.php')
INFO - 2024-04-09 01:44:11 --> Session: Class initialized using 'CodeIgniter\Session\Handlers\FileHandler' driver.
INFO - 2024-04-09 01:47:09 --> Session: Class initialized using 'CodeIgniter\Session\Handlers\FileHandler' driver.
INFO - 2024-04-09 01:47:22 --> Session: Class initialized using 'CodeIgniter\Session\Handlers\FileHandler' driver.
INFO - 2024-04-09 01:47:35 --> Session: Class initialized using 'CodeIgniter\Session\Handlers\FileHandler' driver.
INFO - 2024-04-09 01:47:36 --> Session: Class initialized using 'CodeIgniter\Session\Handlers\FileHandler' driver.
INFO - 2024-04-09 02:05:03 --> Session: Class initialized using 'CodeIgniter\Session\Handlers\FileHandler' driver.
INFO - 2024-04-09 02:11:34 --> Session: Class initialized using 'CodeIgniter\Session\Handlers\FileHandler' driver.
INFO - 2024-04-09 02:12:09 --> Session: Class initialized using 'CodeIgniter\Session\Handlers\FileHandler' driver.
INFO - 2024-04-09 02:12:40 --> Session: Class initialized using 'CodeIgniter\Session\Handlers\FileHandler' driver.
INFO - 2024-04-09 02:12:52 --> Session: Class initialized using 'CodeIgniter\Session\Handlers\FileHandler' driver.
INFO - 2024-04-09 02:13:33 --> Session: Class initialized using 'CodeIgniter\Session\Handlers\FileHandler' driver.
INFO - 2024-04-09 02:13:52 --> Session: Class initialized using 'CodeIgniter\Session\Handlers\FileHandler' driver.
INFO - 2024-04-09 02:14:02 --> Session: Class initialized using 'CodeIgniter\Session\Handlers\FileHandler' driver.
INFO - 2024-04-09 02:14:10 --> Session: Class initialized using 'CodeIgniter\Session\Handlers\FileHandler' driver.
INFO - 2024-04-09 02:14:21 --> Session: Class initialized using 'CodeIgniter\Session\Handlers\FileHandler' driver.
INFO - 2024-04-09 02:14:53 --> Session: Class initialized using 'CodeIgniter\Session\Handlers\FileHandler' driver.
INFO - 2024-04-09 02:15:03 --> Session: Class initialized using 'CodeIgniter\Session\Handlers\FileHandler' driver.
INFO - 2024-04-09 02:15:20 --> Session: Class initialized using 'CodeIgniter\Session\Handlers\FileHandler' driver.
INFO - 2024-04-09 02:15:26 --> Session: Class initialized using 'CodeIgniter\Session\Handlers\FileHandler' driver.
INFO - 2024-04-09 02:15:32 --> Session: Class initialized using 'CodeIgniter\Session\Handlers\FileHandler' driver.
INFO - 2024-04-09 02:15:44 --> Session: Class initialized using 'CodeIgniter\Session\Handlers\FileHandler' driver.
INFO - 2024-04-09 02:15:52 --> Session: Class initialized using 'CodeIgniter\Session\Handlers\FileHandler' driver.
INFO - 2024-04-09 02:16:00 --> Session: Class initialized using 'CodeIgniter\Session\Handlers\FileHandler' driver.
INFO - 2024-04-09 02:16:19 --> Session: Class initialized using 'CodeIgniter\Session\Handlers\FileHandler' driver.
INFO - 2024-04-09 02:16:31 --> Session: Class initialized using 'CodeIgniter\Session\Handlers\FileHandler' driver.
INFO - 2024-04-09 02:23:43 --> Session: Class initialized using 'CodeIgniter\Session\Handlers\FileHandler' driver.
INFO - 2024-04-09 02:23:51 --> Session: Class initialized using 'CodeIgniter\Session\Handlers\FileHandler' driver.
INFO - 2024-04-09 02:24:06 --> Session: Class initialized using 'CodeIgniter\Session\Handlers\FileHandler' driver.
INFO - 2024-04-09 02:24:15 --> Session: Class initialized using 'CodeIgniter\Session\Handlers\FileHandler' driver.
INFO - 2024-04-09 02:24:23 --> Session: Class initialized using 'CodeIgniter\Session\Handlers\FileHandler' driver.
INFO - 2024-04-09 02:24:46 --> Session: Class initialized using 'CodeIgniter\Session\Handlers\FileHandler' driver.
INFO - 2024-04-09 02:24:50 --> Session: Class initialized using 'CodeIgniter\Session\Handlers\FileHandler' driver.
INFO - 2024-04-09 02:24:53 --> Session: Class initialized using 'CodeIgniter\Session\Handlers\FileHandler' driver.
INFO - 2024-04-09 02:24:58 --> Session: Class initialized using 'CodeIgniter\Session\Handlers\FileHandler' driver.
INFO - 2024-04-09 02:26:03 --> Session: Class initialized using 'CodeIgniter\Session\Handlers\FileHandler' driver.
INFO - 2024-04-09 02:26:11 --> Session: Class initialized using 'CodeIgniter\Session\Handlers\FileHandler' driver.
INFO - 2024-04-09 02:26:16 --> Session: Class initialized using 'CodeIgniter\Session\Handlers\FileHandler' driver.
INFO - 2024-04-09 02:26:29 --> Session: Class initialized using 'CodeIgniter\Session\Handlers\FileHandler' driver.
INFO - 2024-04-09 02:26:43 --> Session: Class initialized using 'CodeIgniter\Session\Handlers\FileHandler' driver.
INFO - 2024-04-09 02:26:48 --> Session: Class initialized using 'CodeIgniter\Session\Handlers\FileHandler' driver.
INFO - 2024-04-09 02:26:56 --> Session: Class initialized using 'CodeIgniter\Session\Handlers\FileHandler' driver.
INFO - 2024-04-09 02:27:10 --> Session: Class initialized using 'CodeIgniter\Session\Handlers\FileHandler' driver.
INFO - 2024-04-09 02:27:19 --> Session: Class initialized using 'CodeIgniter\Session\Handlers\FileHandler' driver.
INFO - 2024-04-09 02:27:27 --> Session: Class initialized using 'CodeIgniter\Session\Handlers\FileHandler' driver.
INFO - 2024-04-09 02:27:34 --> Session: Class initialized using 'CodeIgniter\Session\Handlers\FileHandler' driver.
INFO - 2024-04-09 02:27:45 --> Session: Class initialized using 'CodeIgniter\Session\Handlers\FileHandler' driver.
INFO - 2024-04-09 02:28:00 --> Session: Class initialized using 'CodeIgniter\Session\Handlers\FileHandler' driver.
INFO - 2024-04-09 02:28:08 --> Session: Class initialized using 'CodeIgniter\Session\Handlers\FileHandler' driver.
INFO - 2024-04-09 02:28:16 --> Session: Class initialized using 'CodeIgniter\Session\Handlers\FileHandler' driver.
INFO - 2024-04-09 02:28:24 --> Session: Class initialized using 'CodeIgniter\Session\Handlers\FileHandler' driver.
INFO - 2024-04-09 02:28:38 --> Session: Class initialized using 'CodeIgniter\Session\Handlers\FileHandler' driver.
INFO - 2024-04-09 02:29:01 --> Session: Class initialized using 'CodeIgniter\Session\Handlers\FileHandler' driver.
INFO - 2024-04-09 02:29:26 --> Session: Class initialized using 'CodeIgniter\Session\Handlers\FileHandler' driver.
INFO - 2024-04-09 02:30:47 --> Session: Class initialized using 'CodeIgniter\Session\Handlers\FileHandler' driver.
INFO - 2024-04-09 02:30:48 --> Session: Class initialized using 'CodeIgniter\Session\Handlers\FileHandler' driver.
INFO - 2024-04-09 02:30:58 --> Session: Class initialized using 'CodeIgniter\Session\Handlers\FileHandler' driver.
INFO - 2024-04-09 02:33:39 --> Session: Class initialized using 'CodeIgniter\Session\Handlers\FileHandler' driver.
INFO - 2024-04-09 02:46:30 --> Session: Class initialized using 'CodeIgniter\Session\Handlers\FileHandler' driver.
INFO - 2024-04-09 02:50:37 --> Session: Class initialized using 'CodeIgniter\Session\Handlers\FileHandler' driver.
INFO - 2024-04-09 02:52:15 --> Session: Class initialized using 'CodeIgniter\Session\Handlers\FileHandler' driver.
INFO - 2024-04-09 02:52:28 --> Session: Class initialized using 'CodeIgniter\Session\Handlers\FileHandler' driver.
INFO - 2024-04-09 02:52:41 --> Session: Class initialized using 'CodeIgniter\Session\Handlers\FileHandler' driver.
INFO - 2024-04-09 02:52:53 --> Session: Class initialized using 'CodeIgniter\Session\Handlers\FileHandler' driver.
INFO - 2024-04-09 02:53:06 --> Session: Class initialized using 'CodeIgniter\Session\Handlers\FileHandler' driver.
INFO - 2024-04-09 02:53:18 --> Session: Class initialized using 'CodeIgniter\Session\Handlers\FileHandler' driver.
INFO - 2024-04-09 02:53:33 --> Session: Class initialized using 'CodeIgniter\Session\Handlers\FileHandler' driver.
INFO - 2024-04-09 02:53:43 --> Session: Class initialized using 'CodeIgniter\Session\Handlers\FileHandler' driver.
INFO - 2024-04-09 02:53:54 --> Session: Class initialized using 'CodeIgniter\Session\Handlers\FileHandler' driver.
INFO - 2024-04-09 02:54:04 --> Session: Class initialized using 'CodeIgniter\Session\Handlers\FileHandler' driver.
INFO - 2024-04-09 02:54:18 --> Session: Class initialized using 'CodeIgniter\Session\Handlers\FileHandler' driver.
INFO - 2024-04-09 02:54:28 --> Session: Class initialized using 'CodeIgniter\Session\Handlers\FileHandler' driver.
INFO - 2024-04-09 02:54:41 --> Session: Class initialized using 'CodeIgniter\Session\Handlers\FileHandler' driver.
INFO - 2024-04-09 02:54:52 --> Session: Class initialized using 'CodeIgniter\Session\Handlers\FileHandler' driver.
INFO - 2024-04-09 02:55:03 --> Session: Class initialized using 'CodeIgniter\Session\Handlers\FileHandler' driver.
INFO - 2024-04-09 02:55:13 --> Session: Class initialized using 'CodeIgniter\Session\Handlers\FileHandler' driver.
INFO - 2024-04-09 02:55:24 --> Session: Class initialized using 'CodeIgniter\Session\Handlers\FileHandler' driver.
INFO - 2024-04-09 02:55:30 --> Session: Class initialized using 'CodeIgniter\Session\Handlers\FileHandler' driver.
INFO - 2024-04-09 02:55:44 --> Session: Class initialized using 'CodeIgniter\Session\Handlers\FileHandler' driver.
INFO - 2024-04-09 02:55:57 --> Session: Class initialized using 'CodeIgniter\Session\Handlers\FileHandler' driver.
INFO - 2024-04-09 02:56:01 --> Session: Class initialized using 'CodeIgniter\Session\Handlers\FileHandler' driver.
INFO - 2024-04-09 02:56:09 --> Session: Class initialized using 'CodeIgniter\Session\Handlers\FileHandler' driver.
INFO - 2024-04-09 02:56:16 --> Session: Class initialized using 'CodeIgniter\Session\Handlers\FileHandler' driver.
INFO - 2024-04-09 02:56:26 --> Session: Class initialized using 'CodeIgniter\Session\Handlers\FileHandler' driver.
INFO - 2024-04-09 02:56:37 --> Session: Class initialized using 'CodeIgniter\Session\Handlers\FileHandler' driver.
INFO - 2024-04-09 02:56:51 --> Session: Class initialized using 'CodeIgniter\Session\Handlers\FileHandler' driver.
INFO - 2024-04-09 02:57:00 --> Session: Class initialized using 'CodeIgniter\Session\Handlers\FileHandler' driver.
INFO - 2024-04-09 02:57:06 --> Session: Class initialized using 'CodeIgniter\Session\Handlers\FileHandler' driver.
INFO - 2024-04-09 02:57:18 --> Session: Class initialized using 'CodeIgniter\Session\Handlers\FileHandler' driver.
INFO - 2024-04-09 02:57:24 --> Session: Class initialized using 'CodeIgniter\Session\Handlers\FileHandler' driver.
INFO - 2024-04-09 02:57:30 --> Session: Class initialized using 'CodeIgniter\Session\Handlers\FileHandler' driver.
INFO - 2024-04-09 02:58:21 --> Session: Class initialized using 'CodeIgniter\Session\Handlers\FileHandler' driver.
INFO - 2024-04-09 02:58:41 --> Session: Class initialized using 'CodeIgniter\Session\Handlers\FileHandler' driver.
INFO - 2024-04-09 02:58:51 --> Session: Class initialized using 'CodeIgniter\Session\Handlers\FileHandler' driver.
INFO - 2024-04-09 02:59:01 --> Session: Class initialized using 'CodeIgniter\Session\Handlers\FileHandler' driver.
INFO - 2024-04-09 02:59:13 --> Session: Class initialized using 'CodeIgniter\Session\Handlers\FileHandler' driver.
INFO - 2024-04-09 02:59:25 --> Session: Class initialized using 'CodeIgniter\Session\Handlers\FileHandler' driver.
INFO - 2024-04-09 02:59:32 --> Session: Class initialized using 'CodeIgniter\Session\Handlers\FileHandler' driver.
INFO - 2024-04-09 02:59:42 --> Session: Class initialized using 'CodeIgniter\Session\Handlers\FileHandler' driver.
INFO - 2024-04-09 02:59:53 --> Session: Class initialized using 'CodeIgniter\Session\Handlers\FileHandler' driver.
INFO - 2024-04-09 03:00:20 --> Session: Class initialized using 'CodeIgniter\Session\Handlers\FileHandler' driver.
INFO - 2024-04-09 03:00:29 --> Session: Class initialized using 'CodeIgniter\Session\Handlers\FileHandler' driver.
INFO - 2024-04-09 03:00:39 --> Session: Class initialized using 'CodeIgniter\Session\Handlers\FileHandler' driver.
INFO - 2024-04-09 03:00:48 --> Session: Class initialized using 'CodeIgniter\Session\Handlers\FileHandler' driver.
INFO - 2024-04-09 03:00:54 --> Session: Class initialized using 'CodeIgniter\Session\Handlers\FileHandler' driver.
INFO - 2024-04-09 03:01:36 --> Session: Class initialized using 'CodeIgniter\Session\Handlers\FileHandler' driver.
INFO - 2024-04-09 15:25:13 --> Session: Class initialized using 'CodeIgniter\Session\Handlers\FileHandler' driver.
INFO - 2024-04-09 15:45:12 --> Session: Class initialized using 'CodeIgniter\Session\Handlers\FileHandler' driver.
INFO - 2024-04-09 15:45:39 --> Session: Class initialized using 'CodeIgniter\Session\Handlers\FileHandler' driver.
INFO - 2024-04-09 15:45:40 --> Session: Class initialized using 'CodeIgniter\Session\Handlers\FileHandler' driver.
INFO - 2024-04-09 15:45:47 --> Session: Class initialized using 'CodeIgniter\Session\Handlers\FileHandler' driver.
INFO - 2024-04-09 15:46:07 --> Session: Class initialized using 'CodeIgniter\Session\Handlers\FileHandler' driver.
INFO - 2024-04-09 15:46:15 --> Session: Class initialized using 'CodeIgniter\Session\Handlers\FileHandler' driver.
INFO - 2024-04-09 15:46:38 --> Session: Class initialized using 'CodeIgniter\Session\Handlers\FileHandler' driver.
INFO - 2024-04-09 15:46:46 --> Session: Class initialized using 'CodeIgniter\Session\Handlers\FileHandler' driver.
INFO - 2024-04-09 15:47:26 --> Session: Class initialized using 'CodeIgniter\Session\Handlers\FileHandler' driver.
INFO - 2024-04-09 15:47:34 --> Session: Class initialized using 'CodeIgniter\Session\Handlers\FileHandler' driver.
INFO - 2024-04-09 15:48:04 --> Session: Class initialized using 'CodeIgniter\Session\Handlers\FileHandler' driver.
INFO - 2024-04-09 15:48:15 --> Session: Class initialized using 'CodeIgniter\Session\Handlers\FileHandler' driver.
INFO - 2024-04-09 15:48:23 --> Session: Class initialized using 'CodeIgniter\Session\Handlers\FileHandler' driver.
INFO - 2024-04-09 15:48:29 --> Session: Class initialized using 'CodeIgniter\Session\Handlers\FileHandler' driver.
INFO - 2024-04-09 15:48:37 --> Session: Class initialized using 'CodeIgniter\Session\Handlers\FileHandler' driver.
INFO - 2024-04-09 15:48:44 --> Session: Class initialized using 'CodeIgniter\Session\Handlers\FileHandler' driver.
INFO - 2024-04-09 15:48:54 --> Session: Class initialized using 'CodeIgniter\Session\Handlers\FileHandler' driver.
INFO - 2024-04-09 15:49:00 --> Session: Class initialized using 'CodeIgniter\Session\Handlers\FileHandler' driver.
INFO - 2024-04-09 15:49:14 --> Session: Class initialized using 'CodeIgniter\Session\Handlers\FileHandler' driver.
INFO - 2024-04-09 15:49:25 --> Session: Class initialized using 'CodeIgniter\Session\Handlers\FileHandler' driver.
INFO - 2024-04-09 15:49:44 --> Session: Class initialized using 'CodeIgniter\Session\Handlers\FileHandler' driver.
INFO - 2024-04-09 15:49:49 --> Session: Class initialized using 'CodeIgniter\Session\Handlers\FileHandler' driver.
INFO - 2024-04-09 15:50:12 --> Session: Class initialized using 'CodeIgniter\Session\Handlers\FileHandler' driver.
INFO - 2024-04-09 15:50:17 --> Session: Class initialized using 'CodeIgniter\Session\Handlers\FileHandler' driver.
INFO - 2024-04-09 15:50:46 --> Session: Class initialized using 'CodeIgniter\Session\Handlers\FileHandler' driver.
INFO - 2024-04-09 15:51:01 --> Session: Class initialized using 'CodeIgniter\Session\Handlers\FileHandler' driver.
INFO - 2024-04-09 15:52:19 --> Session: Class initialized using 'CodeIgniter\Session\Handlers\FileHandler' driver.
INFO - 2024-04-09 15:52:40 --> Session: Class initialized using 'CodeIgniter\Session\Handlers\FileHandler' driver.
INFO - 2024-04-09 15:53:34 --> Session: Class initialized using 'CodeIgniter\Session\Handlers\FileHandler' driver.
INFO - 2024-04-09 15:53:46 --> Session: Class initialized using 'CodeIgniter\Session\Handlers\FileHandler' driver.
INFO - 2024-04-09 15:54:06 --> Session: Class initialized using 'CodeIgniter\Session\Handlers\FileHandler' driver.
INFO - 2024-04-09 15:54:25 --> Session: Class initialized using 'CodeIgniter\Session\Handlers\FileHandler' driver.
INFO - 2024-04-09 15:54:26 --> Session: Class initialized using 'CodeIgniter\Session\Handlers\FileHandler' driver.
INFO - 2024-04-09 15:54:33 --> Session: Class initialized using 'CodeIgniter\Session\Handlers\FileHandler' driver.
INFO - 2024-04-09 16:35:29 --> Session: Class initialized using 'CodeIgniter\Session\Handlers\FileHandler' driver.
INFO - 2024-04-09 16:35:48 --> Session: Class initialized using 'CodeIgniter\Session\Handlers\FileHandler' driver.
INFO - 2024-04-09 16:36:22 --> Session: Class initialized using 'CodeIgniter\Session\Handlers\FileHandler' driver.
INFO - 2024-04-09 16:36:24 --> Session: Class initialized using 'CodeIgniter\Session\Handlers\FileHandler' driver.
INFO - 2024-04-09 16:37:27 --> Session: Class initialized using 'CodeIgniter\Session\Handlers\FileHandler' driver.
INFO - 2024-04-09 16:37:34 --> Session: Class initialized using 'CodeIgniter\Session\Handlers\FileHandler' driver.
INFO - 2024-04-09 16:38:05 --> Session: Class initialized using 'CodeIgniter\Session\Handlers\FileHandler' driver.
INFO - 2024-04-09 16:38:55 --> Session: Class initialized using 'CodeIgniter\Session\Handlers\FileHandler' driver.
INFO - 2024-04-09 16:39:01 --> Session: Class initialized using 'CodeIgniter\Session\Handlers\FileHandler' driver.
INFO - 2024-04-09 16:39:23 --> Session: Class initialized using 'CodeIgniter\Session\Handlers\FileHandler' driver.
INFO - 2024-04-09 16:40:04 --> Session: Class initialized using 'CodeIgniter\Session\Handlers\FileHandler' driver.
INFO - 2024-04-09 16:40:20 --> Session: Class initialized using 'CodeIgniter\Session\Handlers\FileHandler' driver.
INFO - 2024-04-09 16:40:45 --> Session: Class initialized using 'CodeIgniter\Session\Handlers\FileHandler' driver.
INFO - 2024-04-09 16:40:56 --> Session: Class initialized using 'CodeIgniter\Session\Handlers\FileHandler' driver.
INFO - 2024-04-09 16:42:20 --> Session: Class initialized using 'CodeIgniter\Session\Handlers\FileHandler' driver.
INFO - 2024-04-09 16:43:12 --> Session: Class initialized using 'CodeIgniter\Session\Handlers\FileHandler' driver.
INFO - 2024-04-09 16:43:19 --> Session: Class initialized using 'CodeIgniter\Session\Handlers\FileHandler' driver.
INFO - 2024-04-09 16:45:36 --> Session: Class initialized using 'CodeIgniter\Session\Handlers\FileHandler' driver.
INFO - 2024-04-09 16:47:45 --> Session: Class initialized using 'CodeIgniter\Session\Handlers\FileHandler' driver.
INFO - 2024-04-09 16:48:30 --> Session: Class initialized using 'CodeIgniter\Session\Handlers\FileHandler' driver.
INFO - 2024-04-09 16:48:45 --> Session: Class initialized using 'CodeIgniter\Session\Handlers\FileHandler' driver.
INFO - 2024-04-09 16:49:20 --> Session: Class initialized using 'CodeIgniter\Session\Handlers\FileHandler' driver.
INFO - 2024-04-09 16:49:21 --> Session: Class initialized using 'CodeIgniter\Session\Handlers\FileHandler' driver.
INFO - 2024-04-09 16:50:20 --> Session: Class initialized using 'CodeIgniter\Session\Handlers\FileHandler' driver.
INFO - 2024-04-09 16:57:20 --> Session: Class initialized using 'CodeIgniter\Session\Handlers\FileHandler' driver.
INFO - 2024-04-09 16:58:50 --> Session: Class initialized using 'CodeIgniter\Session\Handlers\FileHandler' driver.
CRITICAL - 2024-04-09 16:58:50 --> ParseError: Unclosed '[' does not match ')'
in APPPATH\Controllers\LoginController.php on line 33.
 1 SYSTEMPATH\Autoloader\Autoloader.php(290): CodeIgniter\Autoloader\Autoloader->includeFile('C:\\Proyectos\\citasmedicas_v2\\ProyectoCitasMedicas\\vendor\\composer/../../app\\Controllers\\LoginController.php')
 2 SYSTEMPATH\Autoloader\Autoloader.php(266): CodeIgniter\Autoloader\Autoloader->loadInNamespace('CitasMedicas\\Controllers\\LoginController')
 3 [internal function]: CodeIgniter\Autoloader\Autoloader->loadClass('CitasMedicas\\Controllers\\LoginController')
 4 SYSTEMPATH\CodeIgniter.php(901): class_exists('\\CitasMedicas\\Controllers\\LoginController', true)
 5 SYSTEMPATH\CodeIgniter.php(490): CodeIgniter\CodeIgniter->startController()
 6 SYSTEMPATH\CodeIgniter.php(361): CodeIgniter\CodeIgniter->handleRequest(null, Object(Config\Cache), false)
 7 FCPATH\index.php(79): CodeIgniter\CodeIgniter->run()
 8 SYSTEMPATH\Commands\Server\rewrite.php(47): require_once('C:\\Proyectos\\citasmedicas_v2\\ProyectoCitasMedicas\\public\\index.php')
INFO - 2024-04-09 16:59:18 --> Session: Class initialized using 'CodeIgniter\Session\Handlers\FileHandler' driver.
INFO - 2024-04-09 17:02:03 --> Session: Class initialized using 'CodeIgniter\Session\Handlers\FileHandler' driver.
INFO - 2024-04-09 17:02:54 --> Session: Class initialized using 'CodeIgniter\Session\Handlers\FileHandler' driver.
INFO - 2024-04-09 17:03:34 --> Session: Class initialized using 'CodeIgniter\Session\Handlers\FileHandler' driver.
INFO - 2024-04-09 17:03:45 --> Session: Class initialized using 'CodeIgniter\Session\Handlers\FileHandler' driver.
INFO - 2024-04-09 17:05:10 --> Session: Class initialized using 'CodeIgniter\Session\Handlers\FileHandler' driver.
INFO - 2024-04-09 17:05:17 --> Session: Class initialized using 'CodeIgniter\Session\Handlers\FileHandler' driver.
INFO - 2024-04-09 17:05:32 --> Session: Class initialized using 'CodeIgniter\Session\Handlers\FileHandler' driver.
INFO - 2024-04-09 17:21:52 --> Session: Class initialized using 'CodeIgniter\Session\Handlers\FileHandler' driver.
INFO - 2024-04-09 17:22:12 --> Session: Class initialized using 'CodeIgniter\Session\Handlers\FileHandler' driver.
INFO - 2024-04-09 17:25:38 --> Session: Class initialized using 'CodeIgniter\Session\Handlers\FileHandler' driver.
INFO - 2024-04-09 17:26:46 --> Session: Class initialized using 'CodeIgniter\Session\Handlers\FileHandler' driver.
INFO - 2024-04-09 17:27:09 --> Session: Class initialized using 'CodeIgniter\Session\Handlers\FileHandler' driver.
INFO - 2024-04-09 17:27:27 --> Session: Class initialized using 'CodeIgniter\Session\Handlers\FileHandler' driver.
INFO - 2024-04-09 17:49:21 --> Session: Class initialized using 'CodeIgniter\Session\Handlers\FileHandler' driver.
CRITICAL - 2024-04-09 17:49:24 --> ErrorException: Undefined variable $user_active
in APPPATH\Views\main.php on line 64.
 1 APPPATH\Views\main.php(64): CodeIgniter\Debug\Exceptions->errorHandler(2, 'Undefined variable $user_active', 'C:\\Proyectos\\citasmedicas_v2\\ProyectoCitasMedicas\\app\\Views\\main.php', 64)
 2 SYSTEMPATH\View\View.php(228): include('C:\\Proyectos\\citasmedicas_v2\\ProyectoCitasMedicas\\app\\Views\\main.php')
 3 SYSTEMPATH\View\View.php(231): CodeIgniter\View\View->CodeIgniter\View\{closure}()
 4 SYSTEMPATH\Common.php(1178): CodeIgniter\View\View->render('main', [], true)
 5 APPPATH\Controllers\TravelerController.php(54): view('main', [...])
 6 SYSTEMPATH\CodeIgniter.php(943): CitasMedicas\Controllers\TravelerController->Get()
 7 SYSTEMPATH\CodeIgniter.php(503): CodeIgniter\CodeIgniter->runController(Object(CitasMedicas\Controllers\TravelerController))
 8 SYSTEMPATH\CodeIgniter.php(361): CodeIgniter\CodeIgniter->handleRequest(null, Object(Config\Cache), false)
 9 FCPATH\index.php(79): CodeIgniter\CodeIgniter->run()
10 SYSTEMPATH\Commands\Server\rewrite.php(47): require_once('C:\\Proyectos\\citasmedicas_v2\\ProyectoCitasMedicas\\public\\index.php')
INFO - 2024-04-09 17:55:12 --> Session: Class initialized using 'CodeIgniter\Session\Handlers\FileHandler' driver.
INFO - 2024-04-09 17:56:06 --> Session: Class initialized using 'CodeIgniter\Session\Handlers\FileHandler' driver.
INFO - 2024-04-09 17:58:06 --> Session: Class initialized using 'CodeIgniter\Session\Handlers\FileHandler' driver.
INFO - 2024-04-09 18:00:02 --> Session: Class initialized using 'CodeIgniter\Session\Handlers\FileHandler' driver.
INFO - 2024-04-09 18:01:44 --> Session: Class initialized using 'CodeIgniter\Session\Handlers\FileHandler' driver.
INFO - 2024-04-09 18:02:55 --> Session: Class initialized using 'CodeIgniter\Session\Handlers\FileHandler' driver.
INFO - 2024-04-09 18:04:01 --> Session: Class initialized using 'CodeIgniter\Session\Handlers\FileHandler' driver.
INFO - 2024-04-09 18:05:53 --> Session: Class initialized using 'CodeIgniter\Session\Handlers\FileHandler' driver.
INFO - 2024-04-09 18:06:07 --> Session: Class initialized using 'CodeIgniter\Session\Handlers\FileHandler' driver.
INFO - 2024-04-09 18:07:35 --> Session: Class initialized using 'CodeIgniter\Session\Handlers\FileHandler' driver.
INFO - 2024-04-09 18:07:35 --> Session: Class initialized using 'CodeIgniter\Session\Handlers\FileHandler' driver.
INFO - 2024-04-09 18:07:50 --> Session: Class initialized using 'CodeIgniter\Session\Handlers\FileHandler' driver.
INFO - 2024-04-09 18:09:20 --> Session: Class initialized using 'CodeIgniter\Session\Handlers\FileHandler' driver.
INFO - 2024-04-09 18:10:34 --> Session: Class initialized using 'CodeIgniter\Session\Handlers\FileHandler' driver.
INFO - 2024-04-09 18:11:02 --> Session: Class initialized using 'CodeIgniter\Session\Handlers\FileHandler' driver.
INFO - 2024-04-09 18:11:29 --> Session: Class initialized using 'CodeIgniter\Session\Handlers\FileHandler' driver.
INFO - 2024-04-09 18:11:46 --> Session: Class initialized using 'CodeIgniter\Session\Handlers\FileHandler' driver.
INFO - 2024-04-09 18:12:08 --> Session: Class initialized using 'CodeIgniter\Session\Handlers\FileHandler' driver.
INFO - 2024-04-09 18:12:31 --> Session: Class initialized using 'CodeIgniter\Session\Handlers\FileHandler' driver.
INFO - 2024-04-09 18:12:54 --> Session: Class initialized using 'CodeIgniter\Session\Handlers\FileHandler' driver.
INFO - 2024-04-09 18:13:34 --> Session: Class initialized using 'CodeIgniter\Session\Handlers\FileHandler' driver.
INFO - 2024-04-09 18:14:23 --> Session: Class initialized using 'CodeIgniter\Session\Handlers\FileHandler' driver.
INFO - 2024-04-09 18:14:42 --> Session: Class initialized using 'CodeIgniter\Session\Handlers\FileHandler' driver.
INFO - 2024-04-09 18:15:09 --> Session: Class initialized using 'CodeIgniter\Session\Handlers\FileHandler' driver.
INFO - 2024-04-09 18:21:38 --> Session: Class initialized using 'CodeIgniter\Session\Handlers\FileHandler' driver.
INFO - 2024-04-09 18:21:56 --> Session: Class initialized using 'CodeIgniter\Session\Handlers\FileHandler' driver.
INFO - 2024-04-09 18:27:11 --> Session: Class initialized using 'CodeIgniter\Session\Handlers\FileHandler' driver.
INFO - 2024-04-09 18:27:45 --> Session: Class initialized using 'CodeIgniter\Session\Handlers\FileHandler' driver.
INFO - 2024-04-09 18:28:22 --> Session: Class initialized using 'CodeIgniter\Session\Handlers\FileHandler' driver.
INFO - 2024-04-09 18:28:41 --> Session: Class initialized using 'CodeIgniter\Session\Handlers\FileHandler' driver.
INFO - 2024-04-09 18:29:54 --> Session: Class initialized using 'CodeIgniter\Session\Handlers\FileHandler' driver.
INFO - 2024-04-09 18:30:11 --> Session: Class initialized using 'CodeIgniter\Session\Handlers\FileHandler' driver.
INFO - 2024-04-09 18:34:06 --> Session: Class initialized using 'CodeIgniter\Session\Handlers\FileHandler' driver.
INFO - 2024-04-09 18:34:36 --> Session: Class initialized using 'CodeIgniter\Session\Handlers\FileHandler' driver.
INFO - 2024-04-09 18:38:25 --> Session: Class initialized using 'CodeIgniter\Session\Handlers\FileHandler' driver.
INFO - 2024-04-09 18:38:55 --> Session: Class initialized using 'CodeIgniter\Session\Handlers\FileHandler' driver.
CRITICAL - 2024-04-09 18:44:21 --> ErrorException: Undefined variable $usuario
in APPPATH\Views\login\login.php on line 16.
 1 APPPATH\Views\login\login.php(16): CodeIgniter\Debug\Exceptions->errorHandler(2, 'Undefined variable $usuario', 'C:\\Proyectos\\citasmedicas_v2\\ProyectoCitasMedicas\\app\\Views\\login\\login.php', 16)
 2 SYSTEMPATH\View\View.php(228): include('C:\\Proyectos\\citasmedicas_v2\\ProyectoCitasMedicas\\app\\Views\\login\\login.php')
 3 SYSTEMPATH\View\View.php(231): CodeIgniter\View\View->CodeIgniter\View\{closure}()
 4 SYSTEMPATH\Common.php(1178): CodeIgniter\View\View->render('login/login', [], true)
 5 APPPATH\Controllers\LoginController.php(28): view('login/login')
 6 SYSTEMPATH\CodeIgniter.php(943): CitasMedicas\Controllers\LoginController->Index()
 7 SYSTEMPATH\CodeIgniter.php(503): CodeIgniter\CodeIgniter->runController(Object(CitasMedicas\Controllers\LoginController))
 8 SYSTEMPATH\CodeIgniter.php(361): CodeIgniter\CodeIgniter->handleRequest(null, Object(Config\Cache), false)
 9 FCPATH\index.php(79): CodeIgniter\CodeIgniter->run()
10 SYSTEMPATH\Commands\Server\rewrite.php(47): require_once('C:\\Proyectos\\citasmedicas_v2\\ProyectoCitasMedicas\\public\\index.php')
INFO - 2024-04-09 18:49:26 --> Session: Class initialized using 'CodeIgniter\Session\Handlers\FileHandler' driver.
INFO - 2024-04-09 18:49:35 --> Session: Class initialized using 'CodeIgniter\Session\Handlers\FileHandler' driver.
INFO - 2024-04-09 18:51:05 --> Session: Class initialized using 'CodeIgniter\Session\Handlers\FileHandler' driver.
INFO - 2024-04-09 18:54:47 --> Session: Class initialized using 'CodeIgniter\Session\Handlers\FileHandler' driver.
INFO - 2024-04-09 18:54:48 --> Session: Class initialized using 'CodeIgniter\Session\Handlers\FileHandler' driver.
INFO - 2024-04-09 18:55:08 --> Session: Class initialized using 'CodeIgniter\Session\Handlers\FileHandler' driver.
INFO - 2024-04-09 18:55:45 --> Session: Class initialized using 'CodeIgniter\Session\Handlers\FileHandler' driver.
INFO - 2024-04-09 18:55:58 --> Session: Class initialized using 'CodeIgniter\Session\Handlers\FileHandler' driver.
ERROR - 2024-04-09 19:21:08 --> mysqli_sql_exception: Failed to open the referenced table 'usuario' in C:\Proyectos\citasmedicas_v2\ProyectoCitasMedicas\vendor\codeigniter4\framework\system\Database\MySQLi\Connection.php:306
Stack trace:
#0 C:\Proyectos\citasmedicas_v2\ProyectoCitasMedicas\vendor\codeigniter4\framework\system\Database\MySQLi\Connection.php(306): mysqli->query('CREATE TABLE `r...', 0)
#1 C:\Proyectos\citasmedicas_v2\ProyectoCitasMedicas\vendor\codeigniter4\framework\system\Database\BaseConnection.php(693): CodeIgniter\Database\MySQLi\Connection->execute('CREATE TABLE `r...')
#2 C:\Proyectos\citasmedicas_v2\ProyectoCitasMedicas\vendor\codeigniter4\framework\system\Database\BaseConnection.php(607): CodeIgniter\Database\BaseConnection->simpleQuery('CREATE TABLE `r...')
#3 C:\Proyectos\citasmedicas_v2\ProyectoCitasMedicas\vendor\codeigniter4\framework\system\Database\Forge.php(555): CodeIgniter\Database\BaseConnection->query('CREATE TABLE `r...')
#4 C:\Proyectos\citasmedicas_v2\ProyectoCitasMedicas\app\Database\Migrations\2024-04-09-190917_RollUsuario.php(34): CodeIgniter\Database\Forge->createTable('roll_usuario')
#5 C:\Proyectos\citasmedicas_v2\ProyectoCitasMedicas\vendor\codeigniter4\framework\system\Database\MigrationRunner.php(865): App\Database\Migrations\RollUsuario->up()
#6 C:\Proyectos\citasmedicas_v2\ProyectoCitasMedicas\vendor\codeigniter4\framework\system\Database\MigrationRunner.php(181): CodeIgniter\Database\MigrationRunner->migrate('up', Object(stdClass))
#7 C:\Proyectos\citasmedicas_v2\ProyectoCitasMedicas\vendor\codeigniter4\framework\system\Commands\Database\Migrate.php(84): CodeIgniter\Database\MigrationRunner->latest(NULL)
#8 C:\Proyectos\citasmedicas_v2\ProyectoCitasMedicas\vendor\codeigniter4\framework\system\CLI\Commands.php(65): CodeIgniter\Commands\Database\Migrate->run(Array)
#9 C:\Proyectos\citasmedicas_v2\ProyectoCitasMedicas\vendor\codeigniter4\framework\system\CLI\Console.php(46): CodeIgniter\CLI\Commands->run('migrate', Array)
#10 C:\Proyectos\citasmedicas_v2\ProyectoCitasMedicas\spark(102): CodeIgniter\CLI\Console->run()
#11 {main}
ERROR - 2024-04-09 19:26:38 --> mysqli_sql_exception: Referencing column 'id_usuario' and referenced column 'id' in foreign key constraint 'roll_usuario_id_usuario_foreign' are incompatible. in C:\Proyectos\citasmedicas_v2\ProyectoCitasMedicas\vendor\codeigniter4\framework\system\Database\MySQLi\Connection.php:306
Stack trace:
#0 C:\Proyectos\citasmedicas_v2\ProyectoCitasMedicas\vendor\codeigniter4\framework\system\Database\MySQLi\Connection.php(306): mysqli->query('CREATE TABLE `r...', 0)
#1 C:\Proyectos\citasmedicas_v2\ProyectoCitasMedicas\vendor\codeigniter4\framework\system\Database\BaseConnection.php(693): CodeIgniter\Database\MySQLi\Connection->execute('CREATE TABLE `r...')
#2 C:\Proyectos\citasmedicas_v2\ProyectoCitasMedicas\vendor\codeigniter4\framework\system\Database\BaseConnection.php(607): CodeIgniter\Database\BaseConnection->simpleQuery('CREATE TABLE `r...')
#3 C:\Proyectos\citasmedicas_v2\ProyectoCitasMedicas\vendor\codeigniter4\framework\system\Database\Forge.php(555): CodeIgniter\Database\BaseConnection->query('CREATE TABLE `r...')
#4 C:\Proyectos\citasmedicas_v2\ProyectoCitasMedicas\app\Database\Migrations\2024-04-09-190917_RollUsuario.php(34): CodeIgniter\Database\Forge->createTable('roll_usuario')
#5 C:\Proyectos\citasmedicas_v2\ProyectoCitasMedicas\vendor\codeigniter4\framework\system\Database\MigrationRunner.php(865): App\Database\Migrations\RollUsuario->up()
#6 C:\Proyectos\citasmedicas_v2\ProyectoCitasMedicas\vendor\codeigniter4\framework\system\Database\MigrationRunner.php(181): CodeIgniter\Database\MigrationRunner->migrate('up', Object(stdClass))
#7 C:\Proyectos\citasmedicas_v2\ProyectoCitasMedicas\vendor\codeigniter4\framework\system\Commands\Database\Migrate.php(84): CodeIgniter\Database\MigrationRunner->latest(NULL)
#8 C:\Proyectos\citasmedicas_v2\ProyectoCitasMedicas\vendor\codeigniter4\framework\system\CLI\Commands.php(65): CodeIgniter\Commands\Database\Migrate->run(Array)
#9 C:\Proyectos\citasmedicas_v2\ProyectoCitasMedicas\vendor\codeigniter4\framework\system\CLI\Console.php(46): CodeIgniter\CLI\Commands->run('migrate', Array)
#10 C:\Proyectos\citasmedicas_v2\ProyectoCitasMedicas\spark(102): CodeIgniter\CLI\Console->run()
#11 {main}
ERROR - 2024-04-09 19:28:27 --> mysqli_sql_exception: Referencing column 'id_usuario' and referenced column 'id' in foreign key constraint 'roll_usuario_id_usuario_foreign' are incompatible. in C:\Proyectos\citasmedicas_v2\ProyectoCitasMedicas\vendor\codeigniter4\framework\system\Database\MySQLi\Connection.php:306
Stack trace:
#0 C:\Proyectos\citasmedicas_v2\ProyectoCitasMedicas\vendor\codeigniter4\framework\system\Database\MySQLi\Connection.php(306): mysqli->query('CREATE TABLE `r...', 0)
#1 C:\Proyectos\citasmedicas_v2\ProyectoCitasMedicas\vendor\codeigniter4\framework\system\Database\BaseConnection.php(693): CodeIgniter\Database\MySQLi\Connection->execute('CREATE TABLE `r...')
#2 C:\Proyectos\citasmedicas_v2\ProyectoCitasMedicas\vendor\codeigniter4\framework\system\Database\BaseConnection.php(607): CodeIgniter\Database\BaseConnection->simpleQuery('CREATE TABLE `r...')
#3 C:\Proyectos\citasmedicas_v2\ProyectoCitasMedicas\vendor\codeigniter4\framework\system\Database\Forge.php(555): CodeIgniter\Database\BaseConnection->query('CREATE TABLE `r...')
#4 C:\Proyectos\citasmedicas_v2\ProyectoCitasMedicas\app\Database\Migrations\2024-04-09-190917_RollUsuario.php(34): CodeIgniter\Database\Forge->createTable('roll_usuario')
#5 C:\Proyectos\citasmedicas_v2\ProyectoCitasMedicas\vendor\codeigniter4\framework\system\Database\MigrationRunner.php(865): App\Database\Migrations\RollUsuario->up()
#6 C:\Proyectos\citasmedicas_v2\ProyectoCitasMedicas\vendor\codeigniter4\framework\system\Database\MigrationRunner.php(181): CodeIgniter\Database\MigrationRunner->migrate('up', Object(stdClass))
#7 C:\Proyectos\citasmedicas_v2\ProyectoCitasMedicas\vendor\codeigniter4\framework\system\Commands\Database\Migrate.php(84): CodeIgniter\Database\MigrationRunner->latest(NULL)
#8 C:\Proyectos\citasmedicas_v2\ProyectoCitasMedicas\vendor\codeigniter4\framework\system\CLI\Commands.php(65): CodeIgniter\Commands\Database\Migrate->run(Array)
#9 C:\Proyectos\citasmedicas_v2\ProyectoCitasMedicas\vendor\codeigniter4\framework\system\CLI\Console.php(46): CodeIgniter\CLI\Commands->run('migrate', Array)
#10 C:\Proyectos\citasmedicas_v2\ProyectoCitasMedicas\spark(102): CodeIgniter\CLI\Console->run()
#11 {main}
ERROR - 2024-04-09 19:32:49 --> mysqli_sql_exception: Referencing column 'id_usuario' and referenced column 'id' in foreign key constraint 'roll_usuario_id_usuario_foreign' are incompatible. in C:\Proyectos\citasmedicas_v2\ProyectoCitasMedicas\vendor\codeigniter4\framework\system\Database\MySQLi\Connection.php:306
Stack trace:
#0 C:\Proyectos\citasmedicas_v2\ProyectoCitasMedicas\vendor\codeigniter4\framework\system\Database\MySQLi\Connection.php(306): mysqli->query('CREATE TABLE `r...', 0)
#1 C:\Proyectos\citasmedicas_v2\ProyectoCitasMedicas\vendor\codeigniter4\framework\system\Database\BaseConnection.php(693): CodeIgniter\Database\MySQLi\Connection->execute('CREATE TABLE `r...')
#2 C:\Proyectos\citasmedicas_v2\ProyectoCitasMedicas\vendor\codeigniter4\framework\system\Database\BaseConnection.php(607): CodeIgniter\Database\BaseConnection->simpleQuery('CREATE TABLE `r...')
#3 C:\Proyectos\citasmedicas_v2\ProyectoCitasMedicas\vendor\codeigniter4\framework\system\Database\Forge.php(555): CodeIgniter\Database\BaseConnection->query('CREATE TABLE `r...')
#4 C:\Proyectos\citasmedicas_v2\ProyectoCitasMedicas\app\Database\Migrations\2024-04-09-190917_RollUsuario.php(34): CodeIgniter\Database\Forge->createTable('roll_usuario', true, Array)
#5 C:\Proyectos\citasmedicas_v2\ProyectoCitasMedicas\vendor\codeigniter4\framework\system\Database\MigrationRunner.php(865): App\Database\Migrations\RollUsuario->up()
#6 C:\Proyectos\citasmedicas_v2\ProyectoCitasMedicas\vendor\codeigniter4\framework\system\Database\MigrationRunner.php(181): CodeIgniter\Database\MigrationRunner->migrate('up', Object(stdClass))
#7 C:\Proyectos\citasmedicas_v2\ProyectoCitasMedicas\vendor\codeigniter4\framework\system\Commands\Database\Migrate.php(84): CodeIgniter\Database\MigrationRunner->latest(NULL)
#8 C:\Proyectos\citasmedicas_v2\ProyectoCitasMedicas\vendor\codeigniter4\framework\system\CLI\Commands.php(65): CodeIgniter\Commands\Database\Migrate->run(Array)
#9 C:\Proyectos\citasmedicas_v2\ProyectoCitasMedicas\vendor\codeigniter4\framework\system\CLI\Console.php(46): CodeIgniter\CLI\Commands->run('migrate', Array)
#10 C:\Proyectos\citasmedicas_v2\ProyectoCitasMedicas\spark(102): CodeIgniter\CLI\Console->run()
#11 {main}
ERROR - 2024-04-09 19:35:41 --> mysqli_sql_exception: Referencing column 'id_usuario' and referenced column 'id' in foreign key constraint 'roll_usuario_id_usuario_foreign' are incompatible. in C:\Proyectos\citasmedicas_v2\ProyectoCitasMedicas\vendor\codeigniter4\framework\system\Database\MySQLi\Connection.php:306
Stack trace:
#0 C:\Proyectos\citasmedicas_v2\ProyectoCitasMedicas\vendor\codeigniter4\framework\system\Database\MySQLi\Connection.php(306): mysqli->query('CREATE TABLE `r...', 0)
#1 C:\Proyectos\citasmedicas_v2\ProyectoCitasMedicas\vendor\codeigniter4\framework\system\Database\BaseConnection.php(693): CodeIgniter\Database\MySQLi\Connection->execute('CREATE TABLE `r...')
#2 C:\Proyectos\citasmedicas_v2\ProyectoCitasMedicas\vendor\codeigniter4\framework\system\Database\BaseConnection.php(607): CodeIgniter\Database\BaseConnection->simpleQuery('CREATE TABLE `r...')
#3 C:\Proyectos\citasmedicas_v2\ProyectoCitasMedicas\vendor\codeigniter4\framework\system\Database\Forge.php(555): CodeIgniter\Database\BaseConnection->query('CREATE TABLE `r...')
#4 C:\Proyectos\citasmedicas_v2\ProyectoCitasMedicas\app\Database\Migrations\2024-04-09-190917_RollUsuario.php(34): CodeIgniter\Database\Forge->createTable('roll_usuario', true, Array)
#5 C:\Proyectos\citasmedicas_v2\ProyectoCitasMedicas\vendor\codeigniter4\framework\system\Database\MigrationRunner.php(865): App\Database\Migrations\RollUsuario->up()
#6 C:\Proyectos\citasmedicas_v2\ProyectoCitasMedicas\vendor\codeigniter4\framework\system\Database\MigrationRunner.php(181): CodeIgniter\Database\MigrationRunner->migrate('up', Object(stdClass))
#7 C:\Proyectos\citasmedicas_v2\ProyectoCitasMedicas\vendor\codeigniter4\framework\system\Commands\Database\Migrate.php(84): CodeIgniter\Database\MigrationRunner->latest(NULL)
#8 C:\Proyectos\citasmedicas_v2\ProyectoCitasMedicas\vendor\codeigniter4\framework\system\CLI\Commands.php(65): CodeIgniter\Commands\Database\Migrate->run(Array)
#9 C:\Proyectos\citasmedicas_v2\ProyectoCitasMedicas\vendor\codeigniter4\framework\system\CLI\Console.php(46): CodeIgniter\CLI\Commands->run('migrate', Array)
#10 C:\Proyectos\citasmedicas_v2\ProyectoCitasMedicas\spark(102): CodeIgniter\CLI\Console->run()
#11 {main}
ERROR - 2024-04-09 19:35:45 --> mysqli_sql_exception: Referencing column 'id_usuario' and referenced column 'id' in foreign key constraint 'roll_usuario_id_usuario_foreign' are incompatible. in C:\Proyectos\citasmedicas_v2\ProyectoCitasMedicas\vendor\codeigniter4\framework\system\Database\MySQLi\Connection.php:306
Stack trace:
#0 C:\Proyectos\citasmedicas_v2\ProyectoCitasMedicas\vendor\codeigniter4\framework\system\Database\MySQLi\Connection.php(306): mysqli->query('CREATE TABLE `r...', 0)
#1 C:\Proyectos\citasmedicas_v2\ProyectoCitasMedicas\vendor\codeigniter4\framework\system\Database\BaseConnection.php(693): CodeIgniter\Database\MySQLi\Connection->execute('CREATE TABLE `r...')
#2 C:\Proyectos\citasmedicas_v2\ProyectoCitasMedicas\vendor\codeigniter4\framework\system\Database\BaseConnection.php(607): CodeIgniter\Database\BaseConnection->simpleQuery('CREATE TABLE `r...')
#3 C:\Proyectos\citasmedicas_v2\ProyectoCitasMedicas\vendor\codeigniter4\framework\system\Database\Forge.php(555): CodeIgniter\Database\BaseConnection->query('CREATE TABLE `r...')
#4 C:\Proyectos\citasmedicas_v2\ProyectoCitasMedicas\app\Database\Migrations\2024-04-09-190917_RollUsuario.php(34): CodeIgniter\Database\Forge->createTable('roll_usuario', true, Array)
#5 C:\Proyectos\citasmedicas_v2\ProyectoCitasMedicas\vendor\codeigniter4\framework\system\Database\MigrationRunner.php(865): App\Database\Migrations\RollUsuario->up()
#6 C:\Proyectos\citasmedicas_v2\ProyectoCitasMedicas\vendor\codeigniter4\framework\system\Database\MigrationRunner.php(181): CodeIgniter\Database\MigrationRunner->migrate('up', Object(stdClass))
#7 C:\Proyectos\citasmedicas_v2\ProyectoCitasMedicas\vendor\codeigniter4\framework\system\Commands\Database\Migrate.php(84): CodeIgniter\Database\MigrationRunner->latest(NULL)
#8 C:\Proyectos\citasmedicas_v2\ProyectoCitasMedicas\vendor\codeigniter4\framework\system\CLI\Commands.php(65): CodeIgniter\Commands\Database\Migrate->run(Array)
#9 C:\Proyectos\citasmedicas_v2\ProyectoCitasMedicas\vendor\codeigniter4\framework\system\CLI\Console.php(46): CodeIgniter\CLI\Commands->run('migrate', Array)
#10 C:\Proyectos\citasmedicas_v2\ProyectoCitasMedicas\spark(102): CodeIgniter\CLI\Console->run()
#11 {main}
ERROR - 2024-04-09 19:35:56 --> mysqli_sql_exception: Referencing column 'id_usuario' and referenced column 'id' in foreign key constraint 'roll_usuario_id_usuario_foreign' are incompatible. in C:\Proyectos\citasmedicas_v2\ProyectoCitasMedicas\vendor\codeigniter4\framework\system\Database\MySQLi\Connection.php:306
Stack trace:
#0 C:\Proyectos\citasmedicas_v2\ProyectoCitasMedicas\vendor\codeigniter4\framework\system\Database\MySQLi\Connection.php(306): mysqli->query('CREATE TABLE `r...', 0)
#1 C:\Proyectos\citasmedicas_v2\ProyectoCitasMedicas\vendor\codeigniter4\framework\system\Database\BaseConnection.php(693): CodeIgniter\Database\MySQLi\Connection->execute('CREATE TABLE `r...')
#2 C:\Proyectos\citasmedicas_v2\ProyectoCitasMedicas\vendor\codeigniter4\framework\system\Database\BaseConnection.php(607): CodeIgniter\Database\BaseConnection->simpleQuery('CREATE TABLE `r...')
#3 C:\Proyectos\citasmedicas_v2\ProyectoCitasMedicas\vendor\codeigniter4\framework\system\Database\Forge.php(555): CodeIgniter\Database\BaseConnection->query('CREATE TABLE `r...')
#4 C:\Proyectos\citasmedicas_v2\ProyectoCitasMedicas\app\Database\Migrations\2024-04-09-190917_RollUsuario.php(34): CodeIgniter\Database\Forge->createTable('roll_usuario', true, Array)
#5 C:\Proyectos\citasmedicas_v2\ProyectoCitasMedicas\vendor\codeigniter4\framework\system\Database\MigrationRunner.php(865): App\Database\Migrations\RollUsuario->up()
#6 C:\Proyectos\citasmedicas_v2\ProyectoCitasMedicas\vendor\codeigniter4\framework\system\Database\MigrationRunner.php(181): CodeIgniter\Database\MigrationRunner->migrate('up', Object(stdClass))
#7 C:\Proyectos\citasmedicas_v2\ProyectoCitasMedicas\vendor\codeigniter4\framework\system\Commands\Database\Migrate.php(84): CodeIgniter\Database\MigrationRunner->latest(NULL)
#8 C:\Proyectos\citasmedicas_v2\ProyectoCitasMedicas\vendor\codeigniter4\framework\system\CLI\Commands.php(65): CodeIgniter\Commands\Database\Migrate->run(Array)
#9 C:\Proyectos\citasmedicas_v2\ProyectoCitasMedicas\vendor\codeigniter4\framework\system\CLI\BaseCommand.php(115): CodeIgniter\CLI\Commands->run('migrate', Array)
#10 C:\Proyectos\citasmedicas_v2\ProyectoCitasMedicas\vendor\codeigniter4\framework\system\Commands\Database\MigrateRefresh.php(85): CodeIgniter\CLI\BaseCommand->call('migrate', Array)
#11 C:\Proyectos\citasmedicas_v2\ProyectoCitasMedicas\vendor\codeigniter4\framework\system\CLI\Commands.php(65): CodeIgniter\Commands\Database\MigrateRefresh->run(Array)
#12 C:\Proyectos\citasmedicas_v2\ProyectoCitasMedicas\vendor\codeigniter4\framework\system\CLI\Console.php(46): CodeIgniter\CLI\Commands->run('migrate:refresh', Array)
#13 C:\Proyectos\citasmedicas_v2\ProyectoCitasMedicas\spark(102): CodeIgniter\CLI\Console->run()
#14 {main}
ERROR - 2024-04-09 19:43:29 --> mysqli_sql_exception: Referencing column 'id_usuario' and referenced column 'id' in foreign key constraint 'roll_usuario_id_usuario_foreign' are incompatible. in C:\Proyectos\citasmedicas_v2\ProyectoCitasMedicas\vendor\codeigniter4\framework\system\Database\MySQLi\Connection.php:306
Stack trace:
#0 C:\Proyectos\citasmedicas_v2\ProyectoCitasMedicas\vendor\codeigniter4\framework\system\Database\MySQLi\Connection.php(306): mysqli->query('CREATE TABLE `r...', 0)
#1 C:\Proyectos\citasmedicas_v2\ProyectoCitasMedicas\vendor\codeigniter4\framework\system\Database\BaseConnection.php(693): CodeIgniter\Database\MySQLi\Connection->execute('CREATE TABLE `r...')
#2 C:\Proyectos\citasmedicas_v2\ProyectoCitasMedicas\vendor\codeigniter4\framework\system\Database\BaseConnection.php(607): CodeIgniter\Database\BaseConnection->simpleQuery('CREATE TABLE `r...')
#3 C:\Proyectos\citasmedicas_v2\ProyectoCitasMedicas\vendor\codeigniter4\framework\system\Database\Forge.php(555): CodeIgniter\Database\BaseConnection->query('CREATE TABLE `r...')
#4 C:\Proyectos\citasmedicas_v2\ProyectoCitasMedicas\app\Database\Migrations\2024-04-09-190917_RollUsuario.php(34): CodeIgniter\Database\Forge->createTable('roll_usuario', true, Array)
#5 C:\Proyectos\citasmedicas_v2\ProyectoCitasMedicas\vendor\codeigniter4\framework\system\Database\MigrationRunner.php(865): App\Database\Migrations\RollUsuario->up()
#6 C:\Proyectos\citasmedicas_v2\ProyectoCitasMedicas\vendor\codeigniter4\framework\system\Database\MigrationRunner.php(181): CodeIgniter\Database\MigrationRunner->migrate('up', Object(stdClass))
#7 C:\Proyectos\citasmedicas_v2\ProyectoCitasMedicas\vendor\codeigniter4\framework\system\Commands\Database\Migrate.php(84): CodeIgniter\Database\MigrationRunner->latest(NULL)
#8 C:\Proyectos\citasmedicas_v2\ProyectoCitasMedicas\vendor\codeigniter4\framework\system\CLI\Commands.php(65): CodeIgniter\Commands\Database\Migrate->run(Array)
#9 C:\Proyectos\citasmedicas_v2\ProyectoCitasMedicas\vendor\codeigniter4\framework\system\CLI\BaseCommand.php(115): CodeIgniter\CLI\Commands->run('migrate', Array)
#10 C:\Proyectos\citasmedicas_v2\ProyectoCitasMedicas\vendor\codeigniter4\framework\system\Commands\Database\MigrateRefresh.php(85): CodeIgniter\CLI\BaseCommand->call('migrate', Array)
#11 C:\Proyectos\citasmedicas_v2\ProyectoCitasMedicas\vendor\codeigniter4\framework\system\CLI\Commands.php(65): CodeIgniter\Commands\Database\MigrateRefresh->run(Array)
#12 C:\Proyectos\citasmedicas_v2\ProyectoCitasMedicas\vendor\codeigniter4\framework\system\CLI\Console.php(46): CodeIgniter\CLI\Commands->run('migrate:refresh', Array)
#13 C:\Proyectos\citasmedicas_v2\ProyectoCitasMedicas\spark(102): CodeIgniter\CLI\Console->run()
#14 {main}
ERROR - 2024-04-09 19:44:39 --> mysqli_sql_exception: Referencing column 'id_usuario' and referenced column 'id' in foreign key constraint 'roll_usuario_id_usuario_foreign' are incompatible. in C:\Proyectos\citasmedicas_v2\ProyectoCitasMedicas\vendor\codeigniter4\framework\system\Database\MySQLi\Connection.php:306
Stack trace:
#0 C:\Proyectos\citasmedicas_v2\ProyectoCitasMedicas\vendor\codeigniter4\framework\system\Database\MySQLi\Connection.php(306): mysqli->query('CREATE TABLE `r...', 0)
#1 C:\Proyectos\citasmedicas_v2\ProyectoCitasMedicas\vendor\codeigniter4\framework\system\Database\BaseConnection.php(693): CodeIgniter\Database\MySQLi\Connection->execute('CREATE TABLE `r...')
#2 C:\Proyectos\citasmedicas_v2\ProyectoCitasMedicas\vendor\codeigniter4\framework\system\Database\BaseConnection.php(607): CodeIgniter\Database\BaseConnection->simpleQuery('CREATE TABLE `r...')
#3 C:\Proyectos\citasmedicas_v2\ProyectoCitasMedicas\vendor\codeigniter4\framework\system\Database\Forge.php(555): CodeIgniter\Database\BaseConnection->query('CREATE TABLE `r...')
#4 C:\Proyectos\citasmedicas_v2\ProyectoCitasMedicas\app\Database\Migrations\2024-04-09-190917_RollUsuario.php(33): CodeIgniter\Database\Forge->createTable('roll_usuario', true, Array)
#5 C:\Proyectos\citasmedicas_v2\ProyectoCitasMedicas\vendor\codeigniter4\framework\system\Database\MigrationRunner.php(865): App\Database\Migrations\RollUsuario->up()
#6 C:\Proyectos\citasmedicas_v2\ProyectoCitasMedicas\vendor\codeigniter4\framework\system\Database\MigrationRunner.php(181): CodeIgniter\Database\MigrationRunner->migrate('up', Object(stdClass))
#7 C:\Proyectos\citasmedicas_v2\ProyectoCitasMedicas\vendor\codeigniter4\framework\system\Commands\Database\Migrate.php(84): CodeIgniter\Database\MigrationRunner->latest(NULL)
#8 C:\Proyectos\citasmedicas_v2\ProyectoCitasMedicas\vendor\codeigniter4\framework\system\CLI\Commands.php(65): CodeIgniter\Commands\Database\Migrate->run(Array)
#9 C:\Proyectos\citasmedicas_v2\ProyectoCitasMedicas\vendor\codeigniter4\framework\system\CLI\BaseCommand.php(115): CodeIgniter\CLI\Commands->run('migrate', Array)
#10 C:\Proyectos\citasmedicas_v2\ProyectoCitasMedicas\vendor\codeigniter4\framework\system\Commands\Database\MigrateRefresh.php(85): CodeIgniter\CLI\BaseCommand->call('migrate', Array)
#11 C:\Proyectos\citasmedicas_v2\ProyectoCitasMedicas\vendor\codeigniter4\framework\system\CLI\Commands.php(65): CodeIgniter\Commands\Database\MigrateRefresh->run(Array)
#12 C:\Proyectos\citasmedicas_v2\ProyectoCitasMedicas\vendor\codeigniter4\framework\system\CLI\Console.php(46): CodeIgniter\CLI\Commands->run('migrate:refresh', Array)
#13 C:\Proyectos\citasmedicas_v2\ProyectoCitasMedicas\spark(102): CodeIgniter\CLI\Console->run()
#14 {main}
ERROR - 2024-04-09 19:47:17 --> mysqli_sql_exception: Referencing column 'id_roll' and referenced column 'id' in foreign key constraint 'roll_usuario_id_roll_foreign' are incompatible. in C:\Proyectos\citasmedicas_v2\ProyectoCitasMedicas\vendor\codeigniter4\framework\system\Database\MySQLi\Connection.php:306
Stack trace:
#0 C:\Proyectos\citasmedicas_v2\ProyectoCitasMedicas\vendor\codeigniter4\framework\system\Database\MySQLi\Connection.php(306): mysqli->query('CREATE TABLE `r...', 0)
#1 C:\Proyectos\citasmedicas_v2\ProyectoCitasMedicas\vendor\codeigniter4\framework\system\Database\BaseConnection.php(693): CodeIgniter\Database\MySQLi\Connection->execute('CREATE TABLE `r...')
#2 C:\Proyectos\citasmedicas_v2\ProyectoCitasMedicas\vendor\codeigniter4\framework\system\Database\BaseConnection.php(607): CodeIgniter\Database\BaseConnection->simpleQuery('CREATE TABLE `r...')
#3 C:\Proyectos\citasmedicas_v2\ProyectoCitasMedicas\vendor\codeigniter4\framework\system\Database\Forge.php(555): CodeIgniter\Database\BaseConnection->query('CREATE TABLE `r...')
#4 C:\Proyectos\citasmedicas_v2\ProyectoCitasMedicas\app\Database\Migrations\2024-04-09-190917_RollUsuario.php(32): CodeIgniter\Database\Forge->createTable('roll_usuario', true, Array)
#5 C:\Proyectos\citasmedicas_v2\ProyectoCitasMedicas\vendor\codeigniter4\framework\system\Database\MigrationRunner.php(865): App\Database\Migrations\RollUsuario->up()
#6 C:\Proyectos\citasmedicas_v2\ProyectoCitasMedicas\vendor\codeigniter4\framework\system\Database\MigrationRunner.php(181): CodeIgniter\Database\MigrationRunner->migrate('up', Object(stdClass))
#7 C:\Proyectos\citasmedicas_v2\ProyectoCitasMedicas\vendor\codeigniter4\framework\system\Commands\Database\Migrate.php(84): CodeIgniter\Database\MigrationRunner->latest(NULL)
#8 C:\Proyectos\citasmedicas_v2\ProyectoCitasMedicas\vendor\codeigniter4\framework\system\CLI\Commands.php(65): CodeIgniter\Commands\Database\Migrate->run(Array)
#9 C:\Proyectos\citasmedicas_v2\ProyectoCitasMedicas\vendor\codeigniter4\framework\system\CLI\BaseCommand.php(115): CodeIgniter\CLI\Commands->run('migrate', Array)
#10 C:\Proyectos\citasmedicas_v2\ProyectoCitasMedicas\vendor\codeigniter4\framework\system\Commands\Database\MigrateRefresh.php(85): CodeIgniter\CLI\BaseCommand->call('migrate', Array)
#11 C:\Proyectos\citasmedicas_v2\ProyectoCitasMedicas\vendor\codeigniter4\framework\system\CLI\Commands.php(65): CodeIgniter\Commands\Database\MigrateRefresh->run(Array)
#12 C:\Proyectos\citasmedicas_v2\ProyectoCitasMedicas\vendor\codeigniter4\framework\system\CLI\Console.php(46): CodeIgniter\CLI\Commands->run('migrate:refresh', Array)
#13 C:\Proyectos\citasmedicas_v2\ProyectoCitasMedicas\spark(102): CodeIgniter\CLI\Console->run()
#14 {main}
ERROR - 2024-04-09 19:48:19 --> mysqli_sql_exception: Referencing column 'id_roll' and referenced column 'id' in foreign key constraint 'roll_usuario_id_roll_foreign' are incompatible. in C:\Proyectos\citasmedicas_v2\ProyectoCitasMedicas\vendor\codeigniter4\framework\system\Database\MySQLi\Connection.php:306
Stack trace:
#0 C:\Proyectos\citasmedicas_v2\ProyectoCitasMedicas\vendor\codeigniter4\framework\system\Database\MySQLi\Connection.php(306): mysqli->query('CREATE TABLE `r...', 0)
#1 C:\Proyectos\citasmedicas_v2\ProyectoCitasMedicas\vendor\codeigniter4\framework\system\Database\BaseConnection.php(693): CodeIgniter\Database\MySQLi\Connection->execute('CREATE TABLE `r...')
#2 C:\Proyectos\citasmedicas_v2\ProyectoCitasMedicas\vendor\codeigniter4\framework\system\Database\BaseConnection.php(607): CodeIgniter\Database\BaseConnection->simpleQuery('CREATE TABLE `r...')
#3 C:\Proyectos\citasmedicas_v2\ProyectoCitasMedicas\vendor\codeigniter4\framework\system\Database\Forge.php(555): CodeIgniter\Database\BaseConnection->query('CREATE TABLE `r...')
#4 C:\Proyectos\citasmedicas_v2\ProyectoCitasMedicas\app\Database\Migrations\2024-04-09-190917_RollUsuario.php(32): CodeIgniter\Database\Forge->createTable('roll_usuario', true, Array)
#5 C:\Proyectos\citasmedicas_v2\ProyectoCitasMedicas\vendor\codeigniter4\framework\system\Database\MigrationRunner.php(865): App\Database\Migrations\RollUsuario->up()
#6 C:\Proyectos\citasmedicas_v2\ProyectoCitasMedicas\vendor\codeigniter4\framework\system\Database\MigrationRunner.php(181): CodeIgniter\Database\MigrationRunner->migrate('up', Object(stdClass))
#7 C:\Proyectos\citasmedicas_v2\ProyectoCitasMedicas\vendor\codeigniter4\framework\system\Commands\Database\Migrate.php(84): CodeIgniter\Database\MigrationRunner->latest(NULL)
#8 C:\Proyectos\citasmedicas_v2\ProyectoCitasMedicas\vendor\codeigniter4\framework\system\CLI\Commands.php(65): CodeIgniter\Commands\Database\Migrate->run(Array)
#9 C:\Proyectos\citasmedicas_v2\ProyectoCitasMedicas\vendor\codeigniter4\framework\system\CLI\BaseCommand.php(115): CodeIgniter\CLI\Commands->run('migrate', Array)
#10 C:\Proyectos\citasmedicas_v2\ProyectoCitasMedicas\vendor\codeigniter4\framework\system\Commands\Database\MigrateRefresh.php(85): CodeIgniter\CLI\BaseCommand->call('migrate', Array)
#11 C:\Proyectos\citasmedicas_v2\ProyectoCitasMedicas\vendor\codeigniter4\framework\system\CLI\Commands.php(65): CodeIgniter\Commands\Database\MigrateRefresh->run(Array)
#12 C:\Proyectos\citasmedicas_v2\ProyectoCitasMedicas\vendor\codeigniter4\framework\system\CLI\Console.php(46): CodeIgniter\CLI\Commands->run('migrate:refresh', Array)
#13 C:\Proyectos\citasmedicas_v2\ProyectoCitasMedicas\spark(102): CodeIgniter\CLI\Console->run()
#14 {main}
INFO - 2024-04-09 20:20:01 --> Session: Class initialized using 'CodeIgniter\Session\Handlers\FileHandler' driver.
INFO - 2024-04-09 20:32:35 --> Session: Class initialized using 'CodeIgniter\Session\Handlers\FileHandler' driver.
INFO - 2024-04-09 20:34:28 --> Session: Class initialized using 'CodeIgniter\Session\Handlers\FileHandler' driver.
INFO - 2024-04-09 20:39:05 --> Session: Class initialized using 'CodeIgniter\Session\Handlers\FileHandler' driver.
INFO - 2024-04-09 20:39:20 --> Session: Class initialized using 'CodeIgniter\Session\Handlers\FileHandler' driver.
INFO - 2024-04-09 20:39:21 --> Session: Class initialized using 'CodeIgniter\Session\Handlers\FileHandler' driver.
INFO - 2024-04-09 20:50:40 --> Session: Class initialized using 'CodeIgniter\Session\Handlers\FileHandler' driver.
INFO - 2024-04-09 21:03:35 --> Session: Class initialized using 'CodeIgniter\Session\Handlers\FileHandler' driver.
INFO - 2024-04-09 21:03:36 --> Session: Class initialized using 'CodeIgniter\Session\Handlers\FileHandler' driver.
INFO - 2024-04-09 21:06:04 --> Session: Class initialized using 'CodeIgniter\Session\Handlers\FileHandler' driver.
INFO - 2024-04-09 21:06:44 --> Session: Class initialized using 'CodeIgniter\Session\Handlers\FileHandler' driver.
INFO - 2024-04-09 21:06:45 --> Session: Class initialized using 'CodeIgniter\Session\Handlers\FileHandler' driver.
INFO - 2024-04-09 21:07:50 --> Session: Class initialized using 'CodeIgniter\Session\Handlers\FileHandler' driver.
INFO - 2024-04-09 21:09:01 --> Session: Class initialized using 'CodeIgniter\Session\Handlers\FileHandler' driver.
INFO - 2024-04-09 21:09:02 --> Session: Class initialized using 'CodeIgniter\Session\Handlers\FileHandler' driver.
INFO - 2024-04-09 21:09:41 --> Session: Class initialized using 'CodeIgniter\Session\Handlers\FileHandler' driver.
INFO - 2024-04-09 21:10:08 --> Session: Class initialized using 'CodeIgniter\Session\Handlers\FileHandler' driver.
INFO - 2024-04-09 21:10:09 --> Session: Class initialized using 'CodeIgniter\Session\Handlers\FileHandler' driver.
INFO - 2024-04-09 21:13:07 --> Session: Class initialized using 'CodeIgniter\Session\Handlers\FileHandler' driver.
INFO - 2024-04-09 21:15:06 --> Session: Class initialized using 'CodeIgniter\Session\Handlers\FileHandler' driver.
INFO - 2024-04-09 21:15:08 --> Session: Class initialized using 'CodeIgniter\Session\Handlers\FileHandler' driver.
INFO - 2024-04-09 21:44:09 --> Session: Class initialized using 'CodeIgniter\Session\Handlers\FileHandler' driver.
INFO - 2024-04-09 22:03:31 --> Session: Class initialized using 'CodeIgniter\Session\Handlers\FileHandler' driver.
INFO - 2024-04-09 22:04:04 --> Session: Class initialized using 'CodeIgniter\Session\Handlers\FileHandler' driver.
INFO - 2024-04-09 22:04:05 --> Session: Class initialized using 'CodeIgniter\Session\Handlers\FileHandler' driver.
INFO - 2024-04-09 22:32:45 --> Session: Class initialized using 'CodeIgniter\Session\Handlers\FileHandler' driver.
CRITICAL - 2024-04-09 22:34:06 --> ParseError: syntax error, unexpected token ";", expecting "]"
in APPPATH\Config\Filters.php on line 53.
 1 SYSTEMPATH\Autoloader\Autoloader.php(290): CodeIgniter\Autoloader\Autoloader->includeFile('C:\\Proyectos\\citasmedicas_v2\\ProyectoCitasMedicas\\app\\Config\\Filters.php')
 2 SYSTEMPATH\Autoloader\Autoloader.php(266): CodeIgniter\Autoloader\Autoloader->loadInNamespace('Config\\Filters')
 3 [internal function]: CodeIgniter\Autoloader\Autoloader->loadClass('Config\\Filters')
 4 SYSTEMPATH\Config\Factories.php(280): class_exists('Config\\Filters')
 5 SYSTEMPATH\Config\Factories.php(199): CodeIgniter\Config\Factories::locateClass([...], 'Config\\Filters')
 6 SYSTEMPATH\Config\Factories.php(158): CodeIgniter\Config\Factories::getDefinedInstance([...], 'Config\\Filters', [])
 7 SYSTEMPATH\Common.php(215): CodeIgniter\Config\Factories::__callStatic('config', [])
 8 SYSTEMPATH\Config\Services.php(291): config('Config\\Filters')
 9 SYSTEMPATH\Config\BaseService.php(258): CodeIgniter\Config\Services::filters(null, false)
10 SYSTEMPATH\Config\BaseService.php(199): CodeIgniter\Config\BaseService::__callStatic('filters', [...])
11 SYSTEMPATH\Config\Services.php(288): CodeIgniter\Config\BaseService::getSharedInstance('filters', null)
12 SYSTEMPATH\Config\BaseService.php(258): CodeIgniter\Config\Services::filters()
13 SYSTEMPATH\CodeIgniter.php(457): CodeIgniter\Config\BaseService::__callStatic('filters', [])
14 SYSTEMPATH\CodeIgniter.php(361): CodeIgniter\CodeIgniter->handleRequest(null, Object(Config\Cache), false)
15 FCPATH\index.php(79): CodeIgniter\CodeIgniter->run()
16 SYSTEMPATH\Commands\Server\rewrite.php(47): require_once('C:\\Proyectos\\citasmedicas_v2\\ProyectoCitasMedicas\\public\\index.php')
