INFO - 2024-04-07 17:57:30 --> Session: Class initialized using 'CodeIgniter\Session\Handlers\FileHandler' driver.
INFO - 2024-04-07 17:57:54 --> Session: Class initialized using 'CodeIgniter\Session\Handlers\FileHandler' driver.
INFO - 2024-04-07 18:02:37 --> Session: Class initialized using 'CodeIgniter\Session\Handlers\FileHandler' driver.
INFO - 2024-04-07 18:03:27 --> Session: Class initialized using 'CodeIgniter\Session\Handlers\FileHandler' driver.
ERROR - 2024-04-07 18:05:18 --> mysqli_sql_exception: Duplicate entry 'erickjoelg@gmail.com' for key 'administracion.correo' in C:\Proyectos\citasmedicas_v2\ProyectoCitasMedicas\vendor\codeigniter4\framework\system\Database\MySQLi\Connection.php:306
Stack trace:
#0 C:\Proyectos\citasmedicas_v2\ProyectoCitasMedicas\vendor\codeigniter4\framework\system\Database\MySQLi\Connection.php(306): mysqli->query('INSERT INTO `ad...', 0)
#1 C:\Proyectos\citasmedicas_v2\ProyectoCitasMedicas\vendor\codeigniter4\framework\system\Database\BaseConnection.php(693): CodeIgniter\Database\MySQLi\Connection->execute('INSERT INTO `ad...')
#2 C:\Proyectos\citasmedicas_v2\ProyectoCitasMedicas\vendor\codeigniter4\framework\system\Database\BaseConnection.php(607): CodeIgniter\Database\BaseConnection->simpleQuery('INSERT INTO `ad...')
#3 C:\Proyectos\citasmedicas_v2\ProyectoCitasMedicas\vendor\codeigniter4\framework\system\Database\BaseBuilder.php(2307): CodeIgniter\Database\BaseConnection->query('INSERT INTO `ad...', Array, false)
#4 C:\Proyectos\citasmedicas_v2\ProyectoCitasMedicas\vendor\codeigniter4\framework\system\Model.php(327): CodeIgniter\Database\BaseBuilder->insert()
#5 C:\Proyectos\citasmedicas_v2\ProyectoCitasMedicas\vendor\codeigniter4\framework\system\BaseModel.php(802): CodeIgniter\Model->doInsert(Array)
#6 C:\Proyectos\citasmedicas_v2\ProyectoCitasMedicas\vendor\codeigniter4\framework\system\Model.php(749): CodeIgniter\BaseModel->insert(Array, true)
#7 C:\Proyectos\citasmedicas_v2\ProyectoCitasMedicas\app\Controllers\LoginController.php(60): CodeIgniter\Model->insert(Array)
#8 C:\Proyectos\citasmedicas_v2\ProyectoCitasMedicas\vendor\codeigniter4\framework\system\CodeIgniter.php(943): CitasMedicas\Controllers\LoginController->NuevoUsuario()
#9 C:\Proyectos\citasmedicas_v2\ProyectoCitasMedicas\vendor\codeigniter4\framework\system\CodeIgniter.php(503): CodeIgniter\CodeIgniter->runController(Object(CitasMedicas\Controllers\LoginController))
#10 C:\Proyectos\citasmedicas_v2\ProyectoCitasMedicas\vendor\codeigniter4\framework\system\CodeIgniter.php(361): CodeIgniter\CodeIgniter->handleRequest(NULL, Object(Config\Cache), false)
#11 C:\Proyectos\citasmedicas_v2\ProyectoCitasMedicas\public\index.php(79): CodeIgniter\CodeIgniter->run()
#12 C:\Proyectos\citasmedicas_v2\ProyectoCitasMedicas\vendor\codeigniter4\framework\system\Commands\Server\rewrite.php(47): require_once('C:\\Proyectos\\ci...')
#13 {main}
CRITICAL - 2024-04-07 18:05:19 --> CodeIgniter\Database\Exceptions\DatabaseException: Duplicate entry 'erickjoelg@gmail.com' for key 'administracion.correo'
in SYSTEMPATH\Database\BaseConnection.php on line 647.
 1 SYSTEMPATH\Database\BaseBuilder.php(2307): CodeIgniter\Database\BaseConnection->query('INSERT INTO `administracion` (`nombre`, `apellido`, `correo`) VALUES (:nombre:, :apellido:, :correo:)', [...], false)
 2 SYSTEMPATH\Model.php(327): CodeIgniter\Database\BaseBuilder->insert()
 3 SYSTEMPATH\BaseModel.php(802): CodeIgniter\Model->doInsert([...])
 4 SYSTEMPATH\Model.php(749): CodeIgniter\BaseModel->insert([...], true)
 5 APPPATH\Controllers\LoginController.php(60): CodeIgniter\Model->insert([...])
 6 SYSTEMPATH\CodeIgniter.php(943): CitasMedicas\Controllers\LoginController->NuevoUsuario()
 7 SYSTEMPATH\CodeIgniter.php(503): CodeIgniter\CodeIgniter->runController(Object(CitasMedicas\Controllers\LoginController))
 8 SYSTEMPATH\CodeIgniter.php(361): CodeIgniter\CodeIgniter->handleRequest(null, Object(Config\Cache), false)
 9 FCPATH\index.php(79): CodeIgniter\CodeIgniter->run()
10 SYSTEMPATH\Commands\Server\rewrite.php(47): require_once('C:\\Proyectos\\citasmedicas_v2\\ProyectoCitasMedicas\\public\\index.php')
CRITICAL - 2024-04-07 18:05:19 --> [Caused by] CodeIgniter\Database\Exceptions\DatabaseException: Duplicate entry 'erickjoelg@gmail.com' for key 'administracion.correo'
in SYSTEMPATH\Database\MySQLi\Connection.php on line 311.
 1 SYSTEMPATH\Database\BaseConnection.php(693): CodeIgniter\Database\MySQLi\Connection->execute('INSERT INTO `administracion` (`nombre`, `apellido`, `correo`) VALUES (\'Erick Yoel\', \'González Urbina\', \'erickjoelg@gmail.com\')')
 2 SYSTEMPATH\Database\BaseConnection.php(607): CodeIgniter\Database\BaseConnection->simpleQuery('INSERT INTO `administracion` (`nombre`, `apellido`, `correo`) VALUES (\'Erick Yoel\', \'González Urbina\', \'erickjoelg@gmail.com\')')
 3 SYSTEMPATH\Database\BaseBuilder.php(2307): CodeIgniter\Database\BaseConnection->query('INSERT INTO `administracion` (`nombre`, `apellido`, `correo`) VALUES (:nombre:, :apellido:, :correo:)', [...], false)
 4 SYSTEMPATH\Model.php(327): CodeIgniter\Database\BaseBuilder->insert()
 5 SYSTEMPATH\BaseModel.php(802): CodeIgniter\Model->doInsert([...])
 6 SYSTEMPATH\Model.php(749): CodeIgniter\BaseModel->insert([...], true)
 7 APPPATH\Controllers\LoginController.php(60): CodeIgniter\Model->insert([...])
 8 SYSTEMPATH\CodeIgniter.php(943): CitasMedicas\Controllers\LoginController->NuevoUsuario()
 9 SYSTEMPATH\CodeIgniter.php(503): CodeIgniter\CodeIgniter->runController(Object(CitasMedicas\Controllers\LoginController))
10 SYSTEMPATH\CodeIgniter.php(361): CodeIgniter\CodeIgniter->handleRequest(null, Object(Config\Cache), false)
11 FCPATH\index.php(79): CodeIgniter\CodeIgniter->run()
12 SYSTEMPATH\Commands\Server\rewrite.php(47): require_once('C:\\Proyectos\\citasmedicas_v2\\ProyectoCitasMedicas\\public\\index.php')
CRITICAL - 2024-04-07 18:05:19 --> [Caused by] mysqli_sql_exception: Duplicate entry 'erickjoelg@gmail.com' for key 'administracion.correo'
in SYSTEMPATH\Database\MySQLi\Connection.php on line 306.
 1 SYSTEMPATH\Database\MySQLi\Connection.php(306): mysqli->query('INSERT INTO `administracion` (`nombre`, `apellido`, `correo`) VALUES (\'Erick Yoel\', \'González Urbina\', \'erickjoelg@gmail.com\')', 0)
 2 SYSTEMPATH\Database\BaseConnection.php(693): CodeIgniter\Database\MySQLi\Connection->execute('INSERT INTO `administracion` (`nombre`, `apellido`, `correo`) VALUES (\'Erick Yoel\', \'González Urbina\', \'erickjoelg@gmail.com\')')
 3 SYSTEMPATH\Database\BaseConnection.php(607): CodeIgniter\Database\BaseConnection->simpleQuery('INSERT INTO `administracion` (`nombre`, `apellido`, `correo`) VALUES (\'Erick Yoel\', \'González Urbina\', \'erickjoelg@gmail.com\')')
 4 SYSTEMPATH\Database\BaseBuilder.php(2307): CodeIgniter\Database\BaseConnection->query('INSERT INTO `administracion` (`nombre`, `apellido`, `correo`) VALUES (:nombre:, :apellido:, :correo:)', [...], false)
 5 SYSTEMPATH\Model.php(327): CodeIgniter\Database\BaseBuilder->insert()
 6 SYSTEMPATH\BaseModel.php(802): CodeIgniter\Model->doInsert([...])
 7 SYSTEMPATH\Model.php(749): CodeIgniter\BaseModel->insert([...], true)
 8 APPPATH\Controllers\LoginController.php(60): CodeIgniter\Model->insert([...])
 9 SYSTEMPATH\CodeIgniter.php(943): CitasMedicas\Controllers\LoginController->NuevoUsuario()
10 SYSTEMPATH\CodeIgniter.php(503): CodeIgniter\CodeIgniter->runController(Object(CitasMedicas\Controllers\LoginController))
11 SYSTEMPATH\CodeIgniter.php(361): CodeIgniter\CodeIgniter->handleRequest(null, Object(Config\Cache), false)
12 FCPATH\index.php(79): CodeIgniter\CodeIgniter->run()
13 SYSTEMPATH\Commands\Server\rewrite.php(47): require_once('C:\\Proyectos\\citasmedicas_v2\\ProyectoCitasMedicas\\public\\index.php')
