CRITICAL - 2024-03-30 17:24:07 --> ArgumentCountError: Too few arguments to function CitasMedicas\Controllers\PacienteController::GetPaciente(), 0 passed in C:\Proyectos\citasmedicas_v2\ProyectoCitasMedicas\vendor\codeigniter4\framework\system\CodeIgniter.php on line 943 and exactly 1 expected
in APPPATH\Controllers\PacienteController.php on line 67.
 1 SYSTEMPATH\CodeIgniter.php(943): CitasMedicas\Controllers\PacienteController::GetPaciente()
 2 SYSTEMPATH\CodeIgniter.php(503): CodeIgniter\CodeIgniter->runController(Object(CitasMedicas\Controllers\PacienteController))
 3 SYSTEMPATH\CodeIgniter.php(361): CodeIgniter\CodeIgniter->handleRequest(null, Object(Config\Cache), false)
 4 FCPATH\index.php(79): CodeIgniter\CodeIgniter->run()
 5 SYSTEMPATH\Commands\Server\rewrite.php(47): require_once('C:\\Proyectos\\citasmedicas_v2\\ProyectoCitasMedicas\\public\\index.php')
CRITICAL - 2024-03-30 17:29:59 --> Error: Class "Model\Paciente" not found
in APPPATH\Controllers\PacienteController.php on line 72.
 1 SYSTEMPATH\CodeIgniter.php(943): CitasMedicas\Controllers\PacienteController::GetPaciente()
 2 SYSTEMPATH\CodeIgniter.php(503): CodeIgniter\CodeIgniter->runController(Object(CitasMedicas\Controllers\PacienteController))
 3 SYSTEMPATH\CodeIgniter.php(361): CodeIgniter\CodeIgniter->handleRequest(null, Object(Config\Cache), false)
 4 FCPATH\index.php(79): CodeIgniter\CodeIgniter->run()
 5 SYSTEMPATH\Commands\Server\rewrite.php(47): require_once('C:\\Proyectos\\citasmedicas_v2\\ProyectoCitasMedicas\\public\\index.php')
CRITICAL - 2024-03-30 17:33:32 --> Error: Using $this when not in object context
in APPPATH\Controllers\PacienteController.php on line 71.
 1 SYSTEMPATH\CodeIgniter.php(943): CitasMedicas\Controllers\PacienteController::GetPaciente()
 2 SYSTEMPATH\CodeIgniter.php(503): CodeIgniter\CodeIgniter->runController(Object(CitasMedicas\Controllers\PacienteController))
 3 SYSTEMPATH\CodeIgniter.php(361): CodeIgniter\CodeIgniter->handleRequest(null, Object(Config\Cache), false)
 4 FCPATH\index.php(79): CodeIgniter\CodeIgniter->run()
 5 SYSTEMPATH\Commands\Server\rewrite.php(47): require_once('C:\\Proyectos\\citasmedicas_v2\\ProyectoCitasMedicas\\public\\index.php')
CRITICAL - 2024-03-30 17:34:38 --> Error: Class "Model\Paciente" not found
in APPPATH\Controllers\PacienteController.php on line 72.
 1 SYSTEMPATH\CodeIgniter.php(943): CitasMedicas\Controllers\PacienteController->GetPaciente()
 2 SYSTEMPATH\CodeIgniter.php(503): CodeIgniter\CodeIgniter->runController(Object(CitasMedicas\Controllers\PacienteController))
 3 SYSTEMPATH\CodeIgniter.php(361): CodeIgniter\CodeIgniter->handleRequest(null, Object(Config\Cache), false)
 4 FCPATH\index.php(79): CodeIgniter\CodeIgniter->run()
 5 SYSTEMPATH\Commands\Server\rewrite.php(47): require_once('C:\\Proyectos\\citasmedicas_v2\\ProyectoCitasMedicas\\public\\index.php')
CRITICAL - 2024-03-30 17:52:43 --> ErrorException: Cannot redeclare non static CodeIgniter\BaseModel::$db as static CitasMedicas\Models\PacienteModel::$db
in APPPATH\Models\PacienteModel.php on line 9.
 1 [internal function]: CodeIgniter\Debug\Exceptions->shutdownHandler()
CRITICAL - 2024-03-30 17:55:17 --> ErrorException: Cannot redeclare non static CodeIgniter\BaseModel::$db as static CitasMedicas\Models\PacienteModel::$db
in APPPATH\Models\PacienteModel.php on line 9.
 1 [internal function]: CodeIgniter\Debug\Exceptions->shutdownHandler()
CRITICAL - 2024-03-30 17:56:00 --> ErrorException: Cannot make non static method CodeIgniter\BaseModel::Delete() static in class CitasMedicas\Models\PacienteModel
in APPPATH\Models\PacienteModel.php on line 96.
 1 [internal function]: CodeIgniter\Debug\Exceptions->shutdownHandler()
CRITICAL - 2024-03-30 17:56:41 --> ErrorException: Declaration of CitasMedicas\Models\PacienteModel::Delete($id) must be compatible with CodeIgniter\BaseModel::delete($id = null, bool $purge = false)
in APPPATH\Models\PacienteModel.php on line 96.
 1 [internal function]: CodeIgniter\Debug\Exceptions->shutdownHandler()
CRITICAL - 2024-03-30 17:57:49 --> ArgumentCountError: Too few arguments to function CitasMedicas\Models\PacienteModel::__construct(), 0 passed in C:\Proyectos\citasmedicas_v2\ProyectoCitasMedicas\app\Controllers\PacienteController.php on line 75 and exactly 1 expected
in APPPATH\Models\PacienteModel.php on line 33.
 1 APPPATH\Controllers\PacienteController.php(75): CitasMedicas\Models\PacienteModel->__construct()
 2 SYSTEMPATH\CodeIgniter.php(943): CitasMedicas\Controllers\PacienteController->GetPaciente()
 3 SYSTEMPATH\CodeIgniter.php(503): CodeIgniter\CodeIgniter->runController(Object(CitasMedicas\Controllers\PacienteController))
 4 SYSTEMPATH\CodeIgniter.php(361): CodeIgniter\CodeIgniter->handleRequest(null, Object(Config\Cache), false)
 5 FCPATH\index.php(79): CodeIgniter\CodeIgniter->run()
 6 SYSTEMPATH\Commands\Server\rewrite.php(47): require_once('C:\\Proyectos\\citasmedicas_v2\\ProyectoCitasMedicas\\public\\index.php')
ERROR - 2024-03-30 17:59:06 --> Error connecting to the database: mysqli_sql_exception: No se puede establecer una conexión ya que el equipo de destino denegó expresamente dicha conexión in C:\Proyectos\citasmedicas_v2\ProyectoCitasMedicas\vendor\codeigniter4\framework\system\Database\MySQLi\Connection.php:185
Stack trace:
#0 C:\Proyectos\citasmedicas_v2\ProyectoCitasMedicas\vendor\codeigniter4\framework\system\Database\MySQLi\Connection.php(185): mysqli->real_connect('localhost', 'root', '12345678', 'citasmedicas', 3306, '', 0)
#1 C:\Proyectos\citasmedicas_v2\ProyectoCitasMedicas\vendor\codeigniter4\framework\system\Database\BaseConnection.php(392): CodeIgniter\Database\MySQLi\Connection->connect(false)
#2 C:\Proyectos\citasmedicas_v2\ProyectoCitasMedicas\vendor\codeigniter4\framework\system\Database\BaseConnection.php(575): CodeIgniter\Database\BaseConnection->initialize()
#3 C:\Proyectos\citasmedicas_v2\ProyectoCitasMedicas\vendor\codeigniter4\framework\system\Database\BaseBuilder.php(1616): CodeIgniter\Database\BaseConnection->query('SELECT *\nFROM `...', Array, false)
#4 C:\Proyectos\citasmedicas_v2\ProyectoCitasMedicas\vendor\codeigniter4\framework\system\Model.php(200): CodeIgniter\Database\BaseBuilder->get()
#5 C:\Proyectos\citasmedicas_v2\ProyectoCitasMedicas\vendor\codeigniter4\framework\system\BaseModel.php(577): CodeIgniter\Model->doFind(true, '1')
#6 C:\Proyectos\citasmedicas_v2\ProyectoCitasMedicas\app\Controllers\PacienteController.php(76): CodeIgniter\BaseModel->find('1')
#7 C:\Proyectos\citasmedicas_v2\ProyectoCitasMedicas\vendor\codeigniter4\framework\system\CodeIgniter.php(943): CitasMedicas\Controllers\PacienteController->GetPaciente()
#8 C:\Proyectos\citasmedicas_v2\ProyectoCitasMedicas\vendor\codeigniter4\framework\system\CodeIgniter.php(503): CodeIgniter\CodeIgniter->runController(Object(CitasMedicas\Controllers\PacienteController))
#9 C:\Proyectos\citasmedicas_v2\ProyectoCitasMedicas\vendor\codeigniter4\framework\system\CodeIgniter.php(361): CodeIgniter\CodeIgniter->handleRequest(NULL, Object(Config\Cache), false)
#10 C:\Proyectos\citasmedicas_v2\ProyectoCitasMedicas\public\index.php(79): CodeIgniter\CodeIgniter->run()
#11 C:\Proyectos\citasmedicas_v2\ProyectoCitasMedicas\vendor\codeigniter4\framework\system\Commands\Server\rewrite.php(47): require_once('C:\\Proyectos\\ci...')
#12 {main}

Next CodeIgniter\Database\Exceptions\DatabaseException: No se puede establecer una conexión ya que el equipo de destino denegó expresamente dicha conexión in C:\Proyectos\citasmedicas_v2\ProyectoCitasMedicas\vendor\codeigniter4\framework\system\Database\MySQLi\Connection.php:229
Stack trace:
#0 C:\Proyectos\citasmedicas_v2\ProyectoCitasMedicas\vendor\codeigniter4\framework\system\Database\BaseConnection.php(392): CodeIgniter\Database\MySQLi\Connection->connect(false)
#1 C:\Proyectos\citasmedicas_v2\ProyectoCitasMedicas\vendor\codeigniter4\framework\system\Database\BaseConnection.php(575): CodeIgniter\Database\BaseConnection->initialize()
#2 C:\Proyectos\citasmedicas_v2\ProyectoCitasMedicas\vendor\codeigniter4\framework\system\Database\BaseBuilder.php(1616): CodeIgniter\Database\BaseConnection->query('SELECT *\nFROM `...', Array, false)
#3 C:\Proyectos\citasmedicas_v2\ProyectoCitasMedicas\vendor\codeigniter4\framework\system\Model.php(200): CodeIgniter\Database\BaseBuilder->get()
#4 C:\Proyectos\citasmedicas_v2\ProyectoCitasMedicas\vendor\codeigniter4\framework\system\BaseModel.php(577): CodeIgniter\Model->doFind(true, '1')
#5 C:\Proyectos\citasmedicas_v2\ProyectoCitasMedicas\app\Controllers\PacienteController.php(76): CodeIgniter\BaseModel->find('1')
#6 C:\Proyectos\citasmedicas_v2\ProyectoCitasMedicas\vendor\codeigniter4\framework\system\CodeIgniter.php(943): CitasMedicas\Controllers\PacienteController->GetPaciente()
#7 C:\Proyectos\citasmedicas_v2\ProyectoCitasMedicas\vendor\codeigniter4\framework\system\CodeIgniter.php(503): CodeIgniter\CodeIgniter->runController(Object(CitasMedicas\Controllers\PacienteController))
#8 C:\Proyectos\citasmedicas_v2\ProyectoCitasMedicas\vendor\codeigniter4\framework\system\CodeIgniter.php(361): CodeIgniter\CodeIgniter->handleRequest(NULL, Object(Config\Cache), false)
#9 C:\Proyectos\citasmedicas_v2\ProyectoCitasMedicas\public\index.php(79): CodeIgniter\CodeIgniter->run()
#10 C:\Proyectos\citasmedicas_v2\ProyectoCitasMedicas\vendor\codeigniter4\framework\system\Commands\Server\rewrite.php(47): require_once('C:\\Proyectos\\ci...')
#11 {main}
CRITICAL - 2024-03-30 17:59:07 --> CodeIgniter\Database\Exceptions\DatabaseException: Unable to connect to the database.
Main connection [MySQLi]: No se puede establecer una conexión ya que el equipo de destino denegó expresamente dicha conexión
in SYSTEMPATH\Database\BaseConnection.php on line 428.
 1 SYSTEMPATH\Database\BaseConnection.php(575): CodeIgniter\Database\BaseConnection->initialize()
 2 SYSTEMPATH\Database\BaseBuilder.php(1616): CodeIgniter\Database\BaseConnection->query('SELECT *
FROM `pacientes`
WHERE `pacientes`.`deleted_at` IS NULL
AND `pacientes`.`id` = :pacientes.id:', [...], false)
 3 SYSTEMPATH\Model.php(200): CodeIgniter\Database\BaseBuilder->get()
 4 SYSTEMPATH\BaseModel.php(577): CodeIgniter\Model->doFind(true, '1')
 5 APPPATH\Controllers\PacienteController.php(76): CodeIgniter\BaseModel->find('1')
 6 SYSTEMPATH\CodeIgniter.php(943): CitasMedicas\Controllers\PacienteController->GetPaciente()
 7 SYSTEMPATH\CodeIgniter.php(503): CodeIgniter\CodeIgniter->runController(Object(CitasMedicas\Controllers\PacienteController))
 8 SYSTEMPATH\CodeIgniter.php(361): CodeIgniter\CodeIgniter->handleRequest(null, Object(Config\Cache), false)
 9 FCPATH\index.php(79): CodeIgniter\CodeIgniter->run()
10 SYSTEMPATH\Commands\Server\rewrite.php(47): require_once('C:\\Proyectos\\citasmedicas_v2\\ProyectoCitasMedicas\\public\\index.php')
ERROR - 2024-03-30 18:05:54 --> Error connecting to the database: mysqli_sql_exception: No se puede establecer una conexión ya que el equipo de destino denegó expresamente dicha conexión in C:\Proyectos\citasmedicas_v2\ProyectoCitasMedicas\vendor\codeigniter4\framework\system\Database\MySQLi\Connection.php:185
Stack trace:
#0 C:\Proyectos\citasmedicas_v2\ProyectoCitasMedicas\vendor\codeigniter4\framework\system\Database\MySQLi\Connection.php(185): mysqli->real_connect('localhost', 'root', '12345678', 'citasmedicas', 3306, '', 0)
#1 C:\Proyectos\citasmedicas_v2\ProyectoCitasMedicas\vendor\codeigniter4\framework\system\Database\BaseConnection.php(392): CodeIgniter\Database\MySQLi\Connection->connect(false)
#2 C:\Proyectos\citasmedicas_v2\ProyectoCitasMedicas\vendor\codeigniter4\framework\system\Database\BaseConnection.php(575): CodeIgniter\Database\BaseConnection->initialize()
#3 C:\Proyectos\citasmedicas_v2\ProyectoCitasMedicas\vendor\codeigniter4\framework\system\Database\BaseBuilder.php(1616): CodeIgniter\Database\BaseConnection->query('SELECT *\nFROM `...', Array, false)
#4 C:\Proyectos\citasmedicas_v2\ProyectoCitasMedicas\vendor\codeigniter4\framework\system\Model.php(200): CodeIgniter\Database\BaseBuilder->get()
#5 C:\Proyectos\citasmedicas_v2\ProyectoCitasMedicas\vendor\codeigniter4\framework\system\BaseModel.php(577): CodeIgniter\Model->doFind(true, '1')
#6 C:\Proyectos\citasmedicas_v2\ProyectoCitasMedicas\app\Controllers\PacienteController.php(76): CodeIgniter\BaseModel->find('1')
#7 C:\Proyectos\citasmedicas_v2\ProyectoCitasMedicas\vendor\codeigniter4\framework\system\CodeIgniter.php(943): CitasMedicas\Controllers\PacienteController->GetPaciente()
#8 C:\Proyectos\citasmedicas_v2\ProyectoCitasMedicas\vendor\codeigniter4\framework\system\CodeIgniter.php(503): CodeIgniter\CodeIgniter->runController(Object(CitasMedicas\Controllers\PacienteController))
#9 C:\Proyectos\citasmedicas_v2\ProyectoCitasMedicas\vendor\codeigniter4\framework\system\CodeIgniter.php(361): CodeIgniter\CodeIgniter->handleRequest(NULL, Object(Config\Cache), false)
#10 C:\Proyectos\citasmedicas_v2\ProyectoCitasMedicas\public\index.php(79): CodeIgniter\CodeIgniter->run()
#11 C:\Proyectos\citasmedicas_v2\ProyectoCitasMedicas\vendor\codeigniter4\framework\system\Commands\Server\rewrite.php(47): require_once('C:\\Proyectos\\ci...')
#12 {main}

Next CodeIgniter\Database\Exceptions\DatabaseException: No se puede establecer una conexión ya que el equipo de destino denegó expresamente dicha conexión in C:\Proyectos\citasmedicas_v2\ProyectoCitasMedicas\vendor\codeigniter4\framework\system\Database\MySQLi\Connection.php:229
Stack trace:
#0 C:\Proyectos\citasmedicas_v2\ProyectoCitasMedicas\vendor\codeigniter4\framework\system\Database\BaseConnection.php(392): CodeIgniter\Database\MySQLi\Connection->connect(false)
#1 C:\Proyectos\citasmedicas_v2\ProyectoCitasMedicas\vendor\codeigniter4\framework\system\Database\BaseConnection.php(575): CodeIgniter\Database\BaseConnection->initialize()
#2 C:\Proyectos\citasmedicas_v2\ProyectoCitasMedicas\vendor\codeigniter4\framework\system\Database\BaseBuilder.php(1616): CodeIgniter\Database\BaseConnection->query('SELECT *\nFROM `...', Array, false)
#3 C:\Proyectos\citasmedicas_v2\ProyectoCitasMedicas\vendor\codeigniter4\framework\system\Model.php(200): CodeIgniter\Database\BaseBuilder->get()
#4 C:\Proyectos\citasmedicas_v2\ProyectoCitasMedicas\vendor\codeigniter4\framework\system\BaseModel.php(577): CodeIgniter\Model->doFind(true, '1')
#5 C:\Proyectos\citasmedicas_v2\ProyectoCitasMedicas\app\Controllers\PacienteController.php(76): CodeIgniter\BaseModel->find('1')
#6 C:\Proyectos\citasmedicas_v2\ProyectoCitasMedicas\vendor\codeigniter4\framework\system\CodeIgniter.php(943): CitasMedicas\Controllers\PacienteController->GetPaciente()
#7 C:\Proyectos\citasmedicas_v2\ProyectoCitasMedicas\vendor\codeigniter4\framework\system\CodeIgniter.php(503): CodeIgniter\CodeIgniter->runController(Object(CitasMedicas\Controllers\PacienteController))
#8 C:\Proyectos\citasmedicas_v2\ProyectoCitasMedicas\vendor\codeigniter4\framework\system\CodeIgniter.php(361): CodeIgniter\CodeIgniter->handleRequest(NULL, Object(Config\Cache), false)
#9 C:\Proyectos\citasmedicas_v2\ProyectoCitasMedicas\public\index.php(79): CodeIgniter\CodeIgniter->run()
#10 C:\Proyectos\citasmedicas_v2\ProyectoCitasMedicas\vendor\codeigniter4\framework\system\Commands\Server\rewrite.php(47): require_once('C:\\Proyectos\\ci...')
#11 {main}
CRITICAL - 2024-03-30 18:05:55 --> CodeIgniter\Database\Exceptions\DatabaseException: Unable to connect to the database.
Main connection [MySQLi]: No se puede establecer una conexión ya que el equipo de destino denegó expresamente dicha conexión
in SYSTEMPATH\Database\BaseConnection.php on line 428.
 1 SYSTEMPATH\Database\BaseConnection.php(575): CodeIgniter\Database\BaseConnection->initialize()
 2 SYSTEMPATH\Database\BaseBuilder.php(1616): CodeIgniter\Database\BaseConnection->query('SELECT *
FROM `pacientes`
WHERE `pacientes`.`deleted_at` IS NULL
AND `pacientes`.`id` = :pacientes.id:', [...], false)
 3 SYSTEMPATH\Model.php(200): CodeIgniter\Database\BaseBuilder->get()
 4 SYSTEMPATH\BaseModel.php(577): CodeIgniter\Model->doFind(true, '1')
 5 APPPATH\Controllers\PacienteController.php(76): CodeIgniter\BaseModel->find('1')
 6 SYSTEMPATH\CodeIgniter.php(943): CitasMedicas\Controllers\PacienteController->GetPaciente()
 7 SYSTEMPATH\CodeIgniter.php(503): CodeIgniter\CodeIgniter->runController(Object(CitasMedicas\Controllers\PacienteController))
 8 SYSTEMPATH\CodeIgniter.php(361): CodeIgniter\CodeIgniter->handleRequest(null, Object(Config\Cache), false)
 9 FCPATH\index.php(79): CodeIgniter\CodeIgniter->run()
10 SYSTEMPATH\Commands\Server\rewrite.php(47): require_once('C:\\Proyectos\\citasmedicas_v2\\ProyectoCitasMedicas\\public\\index.php')
